<?xml version="1.0" encoding="UTF-8"?>
<robot generator="Robot 4.1.3 (Python 3.10.2 on win32)" generated="20220322 12:15:56.232" rpa="false" schemaversion="2">
<suite id="s1" name="Verify Contact Us Suite" source="E:\LT_Technology_Services\Robot_Session\Caption_Project\opencart_resources_suite\verify_contact_us_suite.robot">
<test id="s1-t1" name="Verify Valid Credential Test">
<kw name="Launch Browser" library="CommonFunctionality" type="SETUP">
<if>
<branch type="IF" condition="'${BROWSER_NAME}'=='edge'">
<kw name="Set Local Variable" library="BuiltIn">
<arg>${driver_name}</arg>
<arg>msedgedriver.exe</arg>
<doc>Makes a variable available everywhere within the local scope.</doc>
<status status="NOT RUN" starttime="20220322 12:15:56.685" endtime="20220322 12:15:56.685"/>
</kw>
<status status="NOT RUN" starttime="20220322 12:15:56.685" endtime="20220322 12:15:56.685"/>
</branch>
<branch type="ELSE IF" condition="'${BROWSER_NAME}'== 'firefox'">
<kw name="Set Local Variable" library="BuiltIn">
<arg>${driver_name}</arg>
<arg>geckodriver.exe</arg>
<doc>Makes a variable available everywhere within the local scope.</doc>
<status status="NOT RUN" starttime="20220322 12:15:56.685" endtime="20220322 12:15:56.685"/>
</kw>
<status status="NOT RUN" starttime="20220322 12:15:56.685" endtime="20220322 12:15:56.685"/>
</branch>
<branch type="ELSE">
<kw name="Set Local Variable" library="BuiltIn">
<arg>${driver_name}</arg>
<arg>chromedriver.exe</arg>
<doc>Makes a variable available everywhere within the local scope.</doc>
<msg timestamp="20220322 12:15:56.685" level="INFO">${driver_name} = chromedriver.exe</msg>
<status status="PASS" starttime="20220322 12:15:56.685" endtime="20220322 12:15:56.685"/>
</kw>
<status status="PASS" starttime="20220322 12:15:56.685" endtime="20220322 12:15:56.685"/>
</branch>
<status status="PASS" starttime="20220322 12:15:56.685" endtime="20220322 12:15:56.685"/>
</if>
<kw name="Open Browser" library="SeleniumLibrary">
<arg>browser=${BROWSER_NAME}</arg>
<arg>executable_path=${EXECDIR}${/}driver${/}${driver_name}</arg>
<doc>Opens a new browser instance to the optional ``url``.</doc>
<msg timestamp="20220322 12:15:56.685" level="INFO">Opening browser 'chrome' to base url 'None'.</msg>
<status status="PASS" starttime="20220322 12:15:56.685" endtime="20220322 12:15:58.616"/>
</kw>
<kw name="Maximize Browser Window" library="SeleniumLibrary">
<doc>Maximizes current browser window.</doc>
<status status="PASS" starttime="20220322 12:15:58.616" endtime="20220322 12:15:58.760"/>
</kw>
<kw name="Set Selenium Implicit Wait" library="SeleniumLibrary">
<arg>40s</arg>
<doc>Sets the implicit wait value used by Selenium.</doc>
<status status="PASS" starttime="20220322 12:15:58.761" endtime="20220322 12:15:58.769"/>
</kw>
<kw name="Set Screenshot Directory" library="SeleniumLibrary">
<arg>${EXECDIR}${/}screenshot</arg>
<doc>Sets the directory for captured screenshots.</doc>
<status status="PASS" starttime="20220322 12:15:58.769" endtime="20220322 12:15:58.769"/>
</kw>
<kw name="Go To" library="SeleniumLibrary">
<arg>url=${URL}</arg>
<doc>Navigates the current browser window to the provided ``url``.</doc>
<msg timestamp="20220322 12:15:58.769" level="INFO">Opening url 'https://www.opencart.com/'</msg>
<status status="PASS" starttime="20220322 12:15:58.769" endtime="20220322 12:16:07.426"/>
</kw>
<status status="PASS" starttime="20220322 12:15:56.685" endtime="20220322 12:16:07.426"/>
</kw>
<kw name="Click Element" library="SeleniumLibrary">
<arg>xpath=//a[@class='btn btn-link navbar-btn']</arg>
<doc>Click the element identified by ``locator``.</doc>
<msg timestamp="20220322 12:16:07.427" level="INFO">Clicking element 'xpath=//a[@class='btn btn-link navbar-btn']'.</msg>
<status status="PASS" starttime="20220322 12:16:07.427" endtime="20220322 12:16:09.312"/>
</kw>
<kw name="Input Text" library="SeleniumLibrary">
<arg>id=input-email</arg>
<arg>qwertybasu@gmail.com</arg>
<doc>Types the given ``text`` into the text field identified by ``locator``.</doc>
<msg timestamp="20220322 12:16:09.315" level="INFO">Typing text 'qwertybasu@gmail.com' into text field 'id=input-email'.</msg>
<status status="PASS" starttime="20220322 12:16:09.314" endtime="20220322 12:16:09.514"/>
</kw>
<kw name="Input Text" library="SeleniumLibrary">
<arg>id=input-password</arg>
<arg>qwertybasu123</arg>
<doc>Types the given ``text`` into the text field identified by ``locator``.</doc>
<msg timestamp="20220322 12:16:09.516" level="INFO">Typing text 'qwertybasu123' into text field 'id=input-password'.</msg>
<status status="PASS" starttime="20220322 12:16:09.516" endtime="20220322 12:16:09.717"/>
</kw>
<kw name="Click Element" library="SeleniumLibrary">
<arg>xpath=//button[@class='btn btn-primary btn-lg hidden-xs']</arg>
<doc>Click the element identified by ``locator``.</doc>
<msg timestamp="20220322 12:16:09.719" level="INFO">Clicking element 'xpath=//button[@class='btn btn-primary btn-lg hidden-xs']'.</msg>
<status status="PASS" starttime="20220322 12:16:09.719" endtime="20220322 12:16:15.228"/>
</kw>
<kw name="Input Text" library="SeleniumLibrary">
<arg>id=input-pin</arg>
<arg>0258</arg>
<doc>Types the given ``text`` into the text field identified by ``locator``.</doc>
<msg timestamp="20220322 12:16:15.231" level="INFO">Typing text '0258' into text field 'id=input-pin'.</msg>
<status status="PASS" starttime="20220322 12:16:15.229" endtime="20220322 12:16:15.376"/>
</kw>
<kw name="Click Element" library="SeleniumLibrary">
<arg>xpath=//button[@type='submit']</arg>
<doc>Click the element identified by ``locator``.</doc>
<msg timestamp="20220322 12:16:15.377" level="INFO">Clicking element 'xpath=//button[@type='submit']'.</msg>
<status status="PASS" starttime="20220322 12:16:15.377" endtime="20220322 12:16:17.732"/>
</kw>
<kw name="Click Element" library="SeleniumLibrary">
<arg>xpath=//a[contains(text(),'Resources')]</arg>
<doc>Click the element identified by ``locator``.</doc>
<msg timestamp="20220322 12:16:17.734" level="INFO">Clicking element 'xpath=//a[contains(text(),'Resources')]'.</msg>
<status status="PASS" starttime="20220322 12:16:17.733" endtime="20220322 12:16:17.839"/>
</kw>
<kw name="Mouse Over" library="SeleniumLibrary">
<arg>xpath=//a[text()='Contact Us']</arg>
<doc>Simulates hovering the mouse over the element ``locator``.</doc>
<msg timestamp="20220322 12:16:17.842" level="INFO">Simulating Mouse Over on element 'xpath=//a[text()='Contact Us']'.</msg>
<status status="PASS" starttime="20220322 12:16:17.842" endtime="20220322 12:16:18.139"/>
</kw>
<kw name="Sleep" library="BuiltIn">
<arg>5s</arg>
<doc>Pauses the test executed for the given time.</doc>
<msg timestamp="20220322 12:16:23.152" level="INFO">Slept 5 seconds</msg>
<status status="PASS" starttime="20220322 12:16:18.139" endtime="20220322 12:16:23.152"/>
</kw>
<kw name="Click Element" library="SeleniumLibrary">
<arg>link=Contact Us</arg>
<doc>Click the element identified by ``locator``.</doc>
<msg timestamp="20220322 12:16:23.152" level="INFO">Clicking element 'link=Contact Us'.</msg>
<status status="PASS" starttime="20220322 12:16:23.152" endtime="20220322 12:16:26.546"/>
</kw>
<kw name="Click Element" library="SeleniumLibrary">
<arg>xpath=//select[@id='input-reason']</arg>
<doc>Click the element identified by ``locator``.</doc>
<msg timestamp="20220322 12:16:26.548" level="INFO">Clicking element 'xpath=//select[@id='input-reason']'.</msg>
<status status="PASS" starttime="20220322 12:16:26.547" endtime="20220322 12:16:26.689"/>
</kw>
<kw name="Select From List By Label" library="SeleniumLibrary">
<arg>xpath=//select[@id='input-reason']</arg>
<arg>I have a partnership question</arg>
<doc>Selects options from selection list ``locator`` by ``labels``.</doc>
<msg timestamp="20220322 12:16:26.697" level="INFO">Selecting options from selection list 'xpath=//select[@id='input-reason']' by label I have a partnership question.</msg>
<status status="PASS" starttime="20220322 12:16:26.696" endtime="20220322 12:16:26.965"/>
</kw>
<kw name="Input Text" library="SeleniumLibrary">
<arg>id=input-company</arg>
<arg>ZwgNar</arg>
<doc>Types the given ``text`` into the text field identified by ``locator``.</doc>
<msg timestamp="20220322 12:16:26.966" level="INFO">Typing text 'ZwgNar' into text field 'id=input-company'.</msg>
<status status="PASS" starttime="20220322 12:16:26.966" endtime="20220322 12:16:28.254"/>
</kw>
<kw name="Input Text" library="SeleniumLibrary">
<arg>id=input-website</arg>
<arg>zwgNar.com</arg>
<doc>Types the given ``text`` into the text field identified by ``locator``.</doc>
<msg timestamp="20220322 12:16:28.255" level="INFO">Typing text 'zwgNar.com' into text field 'id=input-website'.</msg>
<status status="PASS" starttime="20220322 12:16:28.255" endtime="20220322 12:16:28.426"/>
</kw>
<kw name="Input Text" library="SeleniumLibrary">
<arg>id=input-telephone</arg>
<arg>7000000011</arg>
<doc>Types the given ``text`` into the text field identified by ``locator``.</doc>
<msg timestamp="20220322 12:16:28.428" level="INFO">Typing text '7000000011' into text field 'id=input-telephone'.</msg>
<status status="PASS" starttime="20220322 12:16:28.427" endtime="20220322 12:16:28.602"/>
</kw>
<kw name="Input Text" library="SeleniumLibrary">
<arg>id=input-enquiry</arg>
<arg>Need full info about partnership</arg>
<doc>Types the given ``text`` into the text field identified by ``locator``.</doc>
<msg timestamp="20220322 12:16:28.604" level="INFO">Typing text 'Need full info about partnership' into text field 'id=input-enquiry'.</msg>
<status status="PASS" starttime="20220322 12:16:28.603" endtime="20220322 12:16:28.816"/>
</kw>
<kw name="Element Text Should Be" library="SeleniumLibrary">
<arg>xpath=//a[text()='opencart@zendesk.com']</arg>
<arg>opencart@zendesk.com</arg>
<doc>Verifies that element ``locator`` contains exact the text ``expected``.</doc>
<msg timestamp="20220322 12:16:28.819" level="INFO">Verifying element 'xpath=//a[text()='opencart@zendesk.com']' contains exact text 'opencart@zendesk.com'.</msg>
<status status="PASS" starttime="20220322 12:16:28.818" endtime="20220322 12:16:28.861"/>
</kw>
<kw name="Element Should Contain" library="SeleniumLibrary">
<arg>xpath=//div[@class='alert alert-info']</arg>
<arg>Please provide as much information in the form below for our agents to be able to assist you.</arg>
<doc>Verifies that element ``locator`` contains text ``expected``.</doc>
<msg timestamp="20220322 12:16:28.907" level="INFO">Element 'xpath=//div[@class='alert alert-info']' contains text 'Please provide as much information in the form below for our agents to be able to assist you.'.</msg>
<status status="PASS" starttime="20220322 12:16:28.863" endtime="20220322 12:16:28.907"/>
</kw>
<kw name="Close Browser" library="SeleniumLibrary" type="TEARDOWN">
<doc>Closes the current browser.</doc>
<status status="PASS" starttime="20220322 12:16:28.908" endtime="20220322 12:16:31.261"/>
</kw>
<status status="PASS" starttime="20220322 12:15:56.685" endtime="20220322 12:16:31.261"/>
</test>
<doc>This suite handles test case related to Contact Us.</doc>
<status status="PASS" starttime="20220322 12:15:56.232" endtime="20220322 12:16:31.261"/>
</suite>
<statistics>
<total>
<stat pass="1" fail="0" skip="0">All Tests</stat>
</total>
<tag>
</tag>
<suite>
<stat pass="1" fail="0" skip="0" id="s1" name="Verify Contact Us Suite">Verify Contact Us Suite</stat>
</suite>
</statistics>
<errors>
</errors>
</robot>
