<?xml version="1.0" encoding="UTF-8"?>
<robot generator="Robot 4.1.3 (Python 3.10.2 on win32)" generated="20220322 09:53:25.267" rpa="false" schemaversion="2">
<suite id="s1" name="Verify Opencart Partners Suite" source="E:\LT_Technology_Services\Robot_Session\Caption_Project\opencart_resources_suite\verify_opencart_partners_suite.robot">
<test id="s1-t1" name="Verify Valid Credential Test">
<kw name="Launch Browser" library="CommonFunctionality" type="SETUP">
<if>
<branch type="IF" condition="'${BROWSER_NAME}'=='edge'">
<kw name="Set Local Variable" library="BuiltIn">
<arg>${driver_name}</arg>
<arg>msedgedriver.exe</arg>
<doc>Makes a variable available everywhere within the local scope.</doc>
<status status="NOT RUN" starttime="20220322 09:53:25.720" endtime="20220322 09:53:25.720"/>
</kw>
<status status="NOT RUN" starttime="20220322 09:53:25.720" endtime="20220322 09:53:25.720"/>
</branch>
<branch type="ELSE IF" condition="'${BROWSER_NAME}'== 'firefox'">
<kw name="Set Local Variable" library="BuiltIn">
<arg>${driver_name}</arg>
<arg>geckodriver.exe</arg>
<doc>Makes a variable available everywhere within the local scope.</doc>
<status status="NOT RUN" starttime="20220322 09:53:25.720" endtime="20220322 09:53:25.720"/>
</kw>
<status status="NOT RUN" starttime="20220322 09:53:25.720" endtime="20220322 09:53:25.720"/>
</branch>
<branch type="ELSE">
<kw name="Set Local Variable" library="BuiltIn">
<arg>${driver_name}</arg>
<arg>chromedriver.exe</arg>
<doc>Makes a variable available everywhere within the local scope.</doc>
<msg timestamp="20220322 09:53:25.720" level="INFO">${driver_name} = chromedriver.exe</msg>
<status status="PASS" starttime="20220322 09:53:25.720" endtime="20220322 09:53:25.720"/>
</kw>
<status status="PASS" starttime="20220322 09:53:25.720" endtime="20220322 09:53:25.720"/>
</branch>
<status status="PASS" starttime="20220322 09:53:25.720" endtime="20220322 09:53:25.720"/>
</if>
<kw name="Open Browser" library="SeleniumLibrary">
<arg>browser=${BROWSER_NAME}</arg>
<arg>executable_path=${EXECDIR}${/}driver${/}${driver_name}</arg>
<doc>Opens a new browser instance to the optional ``url``.</doc>
<msg timestamp="20220322 09:53:25.720" level="INFO">Opening browser 'chrome' to base url 'None'.</msg>
<status status="PASS" starttime="20220322 09:53:25.720" endtime="20220322 09:53:27.662"/>
</kw>
<kw name="Maximize Browser Window" library="SeleniumLibrary">
<doc>Maximizes current browser window.</doc>
<status status="PASS" starttime="20220322 09:53:27.662" endtime="20220322 09:53:27.810"/>
</kw>
<kw name="Set Selenium Implicit Wait" library="SeleniumLibrary">
<arg>30s</arg>
<doc>Sets the implicit wait value used by Selenium.</doc>
<status status="PASS" starttime="20220322 09:53:27.810" endtime="20220322 09:53:27.810"/>
</kw>
<kw name="Set Screenshot Directory" library="SeleniumLibrary">
<arg>${EXECDIR}${/}screenshot</arg>
<doc>Sets the directory for captured screenshots.</doc>
<status status="PASS" starttime="20220322 09:53:27.810" endtime="20220322 09:53:27.810"/>
</kw>
<kw name="Go To" library="SeleniumLibrary">
<arg>url=${URL}</arg>
<doc>Navigates the current browser window to the provided ``url``.</doc>
<msg timestamp="20220322 09:53:27.810" level="INFO">Opening url 'https://www.opencart.com/'</msg>
<status status="PASS" starttime="20220322 09:53:27.810" endtime="20220322 09:53:35.637"/>
</kw>
<status status="PASS" starttime="20220322 09:53:25.720" endtime="20220322 09:53:35.638"/>
</kw>
<kw name="Click Element" library="SeleniumLibrary">
<arg>xpath=//a[@class='btn btn-link navbar-btn']</arg>
<doc>Click the element identified by ``locator``.</doc>
<msg timestamp="20220322 09:53:35.639" level="INFO">Clicking element 'xpath=//a[@class='btn btn-link navbar-btn']'.</msg>
<status status="PASS" starttime="20220322 09:53:35.639" endtime="20220322 09:53:37.229"/>
</kw>
<kw name="Input Text" library="SeleniumLibrary">
<arg>id=input-email</arg>
<arg>alubasu</arg>
<doc>Types the given ``text`` into the text field identified by ``locator``.</doc>
<msg timestamp="20220322 09:53:37.231" level="INFO">Typing text 'alubasu' into text field 'id=input-email'.</msg>
<status status="PASS" starttime="20220322 09:53:37.230" endtime="20220322 09:53:37.380"/>
</kw>
<kw name="Input Text" library="SeleniumLibrary">
<arg>id=input-password</arg>
<arg>qwerty123</arg>
<doc>Types the given ``text`` into the text field identified by ``locator``.</doc>
<msg timestamp="20220322 09:53:37.380" level="INFO">Typing text 'qwerty123' into text field 'id=input-password'.</msg>
<status status="PASS" starttime="20220322 09:53:37.380" endtime="20220322 09:53:37.566"/>
</kw>
<kw name="Click Element" library="SeleniumLibrary">
<arg>xpath=//button[@class='btn btn-primary btn-lg hidden-xs']</arg>
<doc>Click the element identified by ``locator``.</doc>
<msg timestamp="20220322 09:53:37.568" level="INFO">Clicking element 'xpath=//button[@class='btn btn-primary btn-lg hidden-xs']'.</msg>
<status status="PASS" starttime="20220322 09:53:37.567" endtime="20220322 09:53:39.921"/>
</kw>
<kw name="Click Element" library="SeleniumLibrary">
<arg>xpath=//a[contains(text(),'Resources')]</arg>
<doc>Click the element identified by ``locator``.</doc>
<msg timestamp="20220322 09:53:39.923" level="INFO">Clicking element 'xpath=//a[contains(text(),'Resources')]'.</msg>
<status status="PASS" starttime="20220322 09:53:39.923" endtime="20220322 09:53:40.003"/>
</kw>
<kw name="Mouse Over" library="SeleniumLibrary">
<arg>xpath=//a[text()='OpenCart Partners']</arg>
<doc>Simulates hovering the mouse over the element ``locator``.</doc>
<msg timestamp="20220322 09:53:40.004" level="INFO">Simulating Mouse Over on element 'xpath=//a[text()='OpenCart Partners']'.</msg>
<status status="PASS" starttime="20220322 09:53:40.003" endtime="20220322 09:53:40.304"/>
</kw>
<kw name="Click Element" library="SeleniumLibrary">
<arg>link=OpenCart Partners</arg>
<doc>Click the element identified by ``locator``.</doc>
<msg timestamp="20220322 09:53:40.305" level="INFO">Clicking element 'link=OpenCart Partners'.</msg>
<status status="PASS" starttime="20220322 09:53:40.305" endtime="20220322 09:53:42.823"/>
</kw>
<kw name="Click Element" library="SeleniumLibrary">
<arg>xpath=//select[@class='form-control']</arg>
<doc>Click the element identified by ``locator``.</doc>
<msg timestamp="20220322 09:53:42.826" level="INFO">Clicking element 'xpath=//select[@class='form-control']'.</msg>
<status status="PASS" starttime="20220322 09:53:42.825" endtime="20220322 09:53:42.953"/>
</kw>
<kw name="Select From List By Label" library="SeleniumLibrary">
<arg>xpath=//select[@class='form-control']</arg>
<arg>United Kingdom (9)</arg>
<doc>Selects options from selection list ``locator`` by ``labels``.</doc>
<msg timestamp="20220322 09:53:42.954" level="INFO">Selecting options from selection list 'xpath=//select[@class='form-control']' by label United Kingdom (9).</msg>
<status status="PASS" starttime="20220322 09:53:42.954" endtime="20220322 09:53:45.161"/>
</kw>
<kw name="Click Element" library="SeleniumLibrary">
<arg>xpath=//label[normalize-space()='Development Partner']</arg>
<doc>Click the element identified by ``locator``.</doc>
<msg timestamp="20220322 09:53:45.164" level="INFO">Clicking element 'xpath=//label[normalize-space()='Development Partner']'.</msg>
<status status="PASS" starttime="20220322 09:53:45.163" endtime="20220322 09:53:46.551"/>
</kw>
<kw name="Click Element" library="SeleniumLibrary">
<arg>xpath=//input[@value='1']</arg>
<doc>Click the element identified by ``locator``.</doc>
<msg timestamp="20220322 09:53:46.554" level="INFO">Clicking element 'xpath=//input[@value='1']'.</msg>
<status status="PASS" starttime="20220322 09:53:46.553" endtime="20220322 09:53:47.951"/>
</kw>
<kw name="Sleep" library="BuiltIn">
<arg>5s</arg>
<doc>Pauses the test executed for the given time.</doc>
<msg timestamp="20220322 09:53:52.968" level="INFO">Slept 5 seconds</msg>
<status status="PASS" starttime="20220322 09:53:47.952" endtime="20220322 09:53:52.968"/>
</kw>
<kw name="Close Browser" library="SeleniumLibrary" type="TEARDOWN">
<doc>Closes the current browser.</doc>
<status status="PASS" starttime="20220322 09:53:52.970" endtime="20220322 09:53:55.329"/>
</kw>
<status status="PASS" starttime="20220322 09:53:25.720" endtime="20220322 09:53:55.329"/>
</test>
<doc>This suite handles test case related to Opencart Partners.</doc>
<status status="PASS" starttime="20220322 09:53:25.267" endtime="20220322 09:53:55.329"/>
</suite>
<statistics>
<total>
<stat pass="1" fail="0" skip="0">All Tests</stat>
</total>
<tag>
</tag>
<suite>
<stat pass="1" fail="0" skip="0" id="s1" name="Verify Opencart Partners Suite">Verify Opencart Partners Suite</stat>
</suite>
</statistics>
<errors>
</errors>
</robot>
