<?xml version="1.0" encoding="UTF-8"?>
<robot generator="Robot 4.1.3 (Python 3.10.2 on win32)" generated="20220322 12:59:36.473" rpa="false" schemaversion="2">
<suite id="s1" name="Verify Invalidcredential Suite" source="E:\LT_Technology_Services\Robot_Session\Caption_Project\opencart_login_suite\verify_invalidcredential_suite.robot">
<test id="s1-t1" name="TC2">
<kw name="Launch Browser" library="CommonFunctionality" type="SETUP">
<if>
<branch type="IF" condition="'${BROWSER_NAME}'=='edge'">
<kw name="Set Local Variable" library="BuiltIn">
<arg>${driver_name}</arg>
<arg>msedgedriver.exe</arg>
<doc>Makes a variable available everywhere within the local scope.</doc>
<status status="NOT RUN" starttime="20220322 12:59:36.895" endtime="20220322 12:59:36.895"/>
</kw>
<status status="NOT RUN" starttime="20220322 12:59:36.895" endtime="20220322 12:59:36.895"/>
</branch>
<branch type="ELSE IF" condition="'${BROWSER_NAME}'== 'firefox'">
<kw name="Set Local Variable" library="BuiltIn">
<arg>${driver_name}</arg>
<arg>geckodriver.exe</arg>
<doc>Makes a variable available everywhere within the local scope.</doc>
<status status="NOT RUN" starttime="20220322 12:59:36.895" endtime="20220322 12:59:36.895"/>
</kw>
<status status="NOT RUN" starttime="20220322 12:59:36.895" endtime="20220322 12:59:36.895"/>
</branch>
<branch type="ELSE">
<kw name="Set Local Variable" library="BuiltIn">
<arg>${driver_name}</arg>
<arg>chromedriver.exe</arg>
<doc>Makes a variable available everywhere within the local scope.</doc>
<msg timestamp="20220322 12:59:36.895" level="INFO">${driver_name} = chromedriver.exe</msg>
<status status="PASS" starttime="20220322 12:59:36.895" endtime="20220322 12:59:36.895"/>
</kw>
<status status="PASS" starttime="20220322 12:59:36.895" endtime="20220322 12:59:36.895"/>
</branch>
<status status="PASS" starttime="20220322 12:59:36.895" endtime="20220322 12:59:36.895"/>
</if>
<kw name="Open Browser" library="SeleniumLibrary">
<arg>browser=${BROWSER_NAME}</arg>
<arg>executable_path=${EXECDIR}${/}driver${/}${driver_name}</arg>
<doc>Opens a new browser instance to the optional ``url``.</doc>
<msg timestamp="20220322 12:59:36.895" level="INFO">Opening browser 'chrome' to base url 'None'.</msg>
<status status="PASS" starttime="20220322 12:59:36.895" endtime="20220322 12:59:39.142"/>
</kw>
<kw name="Maximize Browser Window" library="SeleniumLibrary">
<doc>Maximizes current browser window.</doc>
<status status="PASS" starttime="20220322 12:59:39.142" endtime="20220322 12:59:39.285"/>
</kw>
<kw name="Set Selenium Implicit Wait" library="SeleniumLibrary">
<arg>30s</arg>
<doc>Sets the implicit wait value used by Selenium.</doc>
<status status="PASS" starttime="20220322 12:59:39.285" endtime="20220322 12:59:39.286"/>
</kw>
<kw name="Set Screenshot Directory" library="SeleniumLibrary">
<arg>${EXECDIR}${/}screenshot</arg>
<doc>Sets the directory for captured screenshots.</doc>
<status status="PASS" starttime="20220322 12:59:39.286" endtime="20220322 12:59:39.286"/>
</kw>
<kw name="Go To" library="SeleniumLibrary">
<arg>url=${URL}</arg>
<doc>Navigates the current browser window to the provided ``url``.</doc>
<msg timestamp="20220322 12:59:39.286" level="INFO">Opening url 'https://www.opencart.com/'</msg>
<status status="PASS" starttime="20220322 12:59:39.286" endtime="20220322 12:59:47.618"/>
</kw>
<status status="PASS" starttime="20220322 12:59:36.895" endtime="20220322 12:59:47.618"/>
</kw>
<kw name="Verify Invalid Credential Template">
<arg>demo@gmail.com</arg>
<arg>demo123</arg>
<arg>No match for E-Mail and/or Password.</arg>
<kw name="Click Element" library="SeleniumLibrary">
<arg>xpath=//a[@class='btn btn-link navbar-btn']</arg>
<doc>Click the element identified by ``locator``.</doc>
<msg timestamp="20220322 12:59:47.621" level="INFO">Clicking element 'xpath=//a[@class='btn btn-link navbar-btn']'.</msg>
<status status="PASS" starttime="20220322 12:59:47.620" endtime="20220322 12:59:49.325"/>
</kw>
<kw name="Input Text" library="SeleniumLibrary">
<arg>id=input-email</arg>
<arg>${email}</arg>
<doc>Types the given ``text`` into the text field identified by ``locator``.</doc>
<msg timestamp="20220322 12:59:49.328" level="INFO">Typing text 'demo@gmail.com' into text field 'id=input-email'.</msg>
<status status="PASS" starttime="20220322 12:59:49.326" endtime="20220322 12:59:49.499"/>
</kw>
<kw name="Input Text" library="SeleniumLibrary">
<arg>id=input-password</arg>
<arg>${password}</arg>
<doc>Types the given ``text`` into the text field identified by ``locator``.</doc>
<msg timestamp="20220322 12:59:49.499" level="INFO">Typing text 'demo123' into text field 'id=input-password'.</msg>
<status status="PASS" starttime="20220322 12:59:49.499" endtime="20220322 12:59:49.691"/>
</kw>
<kw name="Click Element" library="SeleniumLibrary">
<arg>xpath=//button[@class='btn btn-primary btn-lg hidden-xs']</arg>
<doc>Click the element identified by ``locator``.</doc>
<msg timestamp="20220322 12:59:49.692" level="INFO">Clicking element 'xpath=//button[@class='btn btn-primary btn-lg hidden-xs']'.</msg>
<status status="PASS" starttime="20220322 12:59:49.691" endtime="20220322 12:59:53.320"/>
</kw>
<kw name="Element Should Contain" library="SeleniumLibrary">
<arg>xpath=//div[@class='alert alert-danger']</arg>
<arg>${expected_error}</arg>
<doc>Verifies that element ``locator`` contains text ``expected``.</doc>
<msg timestamp="20220322 12:59:53.363" level="INFO">Element 'xpath=//div[@class='alert alert-danger']' contains text 'No match for E-Mail and/or Password.'.</msg>
<status status="PASS" starttime="20220322 12:59:53.320" endtime="20220322 12:59:53.363"/>
</kw>
<status status="PASS" starttime="20220322 12:59:47.619" endtime="20220322 12:59:53.364"/>
</kw>
<kw name="Close Browser" library="SeleniumLibrary" type="TEARDOWN">
<doc>Closes the current browser.</doc>
<status status="PASS" starttime="20220322 12:59:53.365" endtime="20220322 12:59:55.634"/>
</kw>
<status status="PASS" starttime="20220322 12:59:36.895" endtime="20220322 12:59:55.634"/>
</test>
<doc>This suite willl handles all the test cases related to invalid credentials test.Test case for opencart.</doc>
<status status="PASS" starttime="20220322 12:59:36.473" endtime="20220322 12:59:55.634"/>
</suite>
<statistics>
<total>
<stat pass="1" fail="0" skip="0">All Tests</stat>
</total>
<tag>
</tag>
<suite>
<stat pass="1" fail="0" skip="0" id="s1" name="Verify Invalidcredential Suite">Verify Invalidcredential Suite</stat>
</suite>
</statistics>
<errors>
</errors>
</robot>
