<?xml version="1.0" encoding="UTF-8"?>
<robot generator="Robot 4.1.3 (Python 3.10.2 on win32)" generated="20220322 15:34:24.116" rpa="false" schemaversion="2">
<suite id="s1" name="Verify Contact Us Suite" source="E:\LT_Technology_Services\Robot_Session\Caption_Project\opencart_resources_suite\verify_contact_us_suite.robot">
<test id="s1-t1" name="TC2">
<kw name="Launch Browser" library="CommonFunctionality" type="SETUP">
<if>
<branch type="IF" condition="'${BROWSER_NAME}'=='edge'">
<kw name="Set Local Variable" library="BuiltIn">
<arg>${driver_name}</arg>
<arg>msedgedriver.exe</arg>
<doc>Makes a variable available everywhere within the local scope.</doc>
<status status="NOT RUN" starttime="20220322 15:34:24.570" endtime="20220322 15:34:24.570"/>
</kw>
<status status="NOT RUN" starttime="20220322 15:34:24.570" endtime="20220322 15:34:24.570"/>
</branch>
<branch type="ELSE IF" condition="'${BROWSER_NAME}'== 'firefox'">
<kw name="Set Local Variable" library="BuiltIn">
<arg>${driver_name}</arg>
<arg>geckodriver.exe</arg>
<doc>Makes a variable available everywhere within the local scope.</doc>
<status status="NOT RUN" starttime="20220322 15:34:24.570" endtime="20220322 15:34:24.570"/>
</kw>
<status status="NOT RUN" starttime="20220322 15:34:24.570" endtime="20220322 15:34:24.570"/>
</branch>
<branch type="ELSE">
<kw name="Set Local Variable" library="BuiltIn">
<arg>${driver_name}</arg>
<arg>chromedriver.exe</arg>
<doc>Makes a variable available everywhere within the local scope.</doc>
<msg timestamp="20220322 15:34:24.570" level="INFO">${driver_name} = chromedriver.exe</msg>
<status status="PASS" starttime="20220322 15:34:24.570" endtime="20220322 15:34:24.570"/>
</kw>
<status status="PASS" starttime="20220322 15:34:24.570" endtime="20220322 15:34:24.570"/>
</branch>
<status status="PASS" starttime="20220322 15:34:24.570" endtime="20220322 15:34:24.570"/>
</if>
<kw name="Open Browser" library="SeleniumLibrary">
<arg>browser=${BROWSER_NAME}</arg>
<arg>executable_path=${EXECDIR}${/}driver${/}${driver_name}</arg>
<doc>Opens a new browser instance to the optional ``url``.</doc>
<msg timestamp="20220322 15:34:24.570" level="INFO">Opening browser 'chrome' to base url 'None'.</msg>
<status status="PASS" starttime="20220322 15:34:24.570" endtime="20220322 15:34:26.546"/>
</kw>
<kw name="Maximize Browser Window" library="SeleniumLibrary">
<doc>Maximizes current browser window.</doc>
<status status="PASS" starttime="20220322 15:34:26.547" endtime="20220322 15:34:26.677"/>
</kw>
<kw name="Set Selenium Implicit Wait" library="SeleniumLibrary">
<arg>30s</arg>
<doc>Sets the implicit wait value used by Selenium.</doc>
<status status="PASS" starttime="20220322 15:34:26.677" endtime="20220322 15:34:26.681"/>
</kw>
<kw name="Set Screenshot Directory" library="SeleniumLibrary">
<arg>${EXECDIR}${/}screenshot</arg>
<doc>Sets the directory for captured screenshots.</doc>
<status status="PASS" starttime="20220322 15:34:26.682" endtime="20220322 15:34:26.683"/>
</kw>
<kw name="Go To" library="SeleniumLibrary">
<arg>url=${URL}</arg>
<doc>Navigates the current browser window to the provided ``url``.</doc>
<msg timestamp="20220322 15:34:26.684" level="INFO">Opening url 'https://www.opencart.com/'</msg>
<status status="PASS" starttime="20220322 15:34:26.683" endtime="20220322 15:34:35.917"/>
</kw>
<status status="PASS" starttime="20220322 15:34:24.570" endtime="20220322 15:34:35.917"/>
</kw>
<kw name="Verify Contact Us Template">
<arg>qwertybasu@gmail.com</arg>
<arg>qwertybasu123</arg>
<arg>0258</arg>
<arg>I have a partnership question</arg>
<arg>opencart@zendesk.com</arg>
<arg>Please provide as much information in the form below for our agents to be able to assist you.</arg>
<kw name="Click Element" library="SeleniumLibrary">
<arg>xpath=//a[@class='btn btn-link navbar-btn']</arg>
<doc>Click the element identified by ``locator``.</doc>
<msg timestamp="20220322 15:34:35.919" level="INFO">Clicking element 'xpath=//a[@class='btn btn-link navbar-btn']'.</msg>
<status status="PASS" starttime="20220322 15:34:35.918" endtime="20220322 15:34:38.013"/>
</kw>
<kw name="Input Text" library="SeleniumLibrary">
<arg>id=input-email</arg>
<arg>${email}</arg>
<doc>Types the given ``text`` into the text field identified by ``locator``.</doc>
<msg timestamp="20220322 15:34:38.014" level="INFO">Typing text 'qwertybasu@gmail.com' into text field 'id=input-email'.</msg>
<status status="PASS" starttime="20220322 15:34:38.013" endtime="20220322 15:34:38.191"/>
</kw>
<kw name="Input Text" library="SeleniumLibrary">
<arg>id=input-password</arg>
<arg>${password}</arg>
<doc>Types the given ``text`` into the text field identified by ``locator``.</doc>
<msg timestamp="20220322 15:34:38.191" level="INFO">Typing text 'qwertybasu123' into text field 'id=input-password'.</msg>
<status status="PASS" starttime="20220322 15:34:38.191" endtime="20220322 15:34:38.390"/>
</kw>
<kw name="Click Element" library="SeleniumLibrary">
<arg>xpath=//button[@class='btn btn-primary btn-lg hidden-xs']</arg>
<doc>Click the element identified by ``locator``.</doc>
<msg timestamp="20220322 15:34:38.391" level="INFO">Clicking element 'xpath=//button[@class='btn btn-primary btn-lg hidden-xs']'.</msg>
<status status="PASS" starttime="20220322 15:34:38.390" endtime="20220322 15:34:44.192"/>
</kw>
<kw name="Input Text" library="SeleniumLibrary">
<arg>id=input-pin</arg>
<arg>${fourdigit_pin}</arg>
<doc>Types the given ``text`` into the text field identified by ``locator``.</doc>
<msg timestamp="20220322 15:34:44.193" level="INFO">Typing text '0258' into text field 'id=input-pin'.</msg>
<status status="PASS" starttime="20220322 15:34:44.192" endtime="20220322 15:34:44.323"/>
</kw>
<kw name="Click Element" library="SeleniumLibrary">
<arg>xpath=//button[@type='submit']</arg>
<doc>Click the element identified by ``locator``.</doc>
<msg timestamp="20220322 15:34:44.325" level="INFO">Clicking element 'xpath=//button[@type='submit']'.</msg>
<status status="PASS" starttime="20220322 15:34:44.324" endtime="20220322 15:34:46.785"/>
</kw>
<kw name="Click Element" library="SeleniumLibrary">
<arg>xpath=//a[contains(text(),'Resources')]</arg>
<doc>Click the element identified by ``locator``.</doc>
<msg timestamp="20220322 15:34:46.786" level="INFO">Clicking element 'xpath=//a[contains(text(),'Resources')]'.</msg>
<status status="PASS" starttime="20220322 15:34:46.785" endtime="20220322 15:34:46.863"/>
</kw>
<kw name="Mouse Over" library="SeleniumLibrary">
<arg>xpath=//a[text()='Contact Us']</arg>
<doc>Simulates hovering the mouse over the element ``locator``.</doc>
<msg timestamp="20220322 15:34:46.864" level="INFO">Simulating Mouse Over on element 'xpath=//a[text()='Contact Us']'.</msg>
<status status="PASS" starttime="20220322 15:34:46.863" endtime="20220322 15:34:47.168"/>
</kw>
<kw name="Sleep" library="BuiltIn">
<arg>5s</arg>
<doc>Pauses the test executed for the given time.</doc>
<msg timestamp="20220322 15:34:52.183" level="INFO">Slept 5 seconds</msg>
<status status="PASS" starttime="20220322 15:34:47.168" endtime="20220322 15:34:52.183"/>
</kw>
<kw name="Click Element" library="SeleniumLibrary">
<arg>link=Contact Us</arg>
<doc>Click the element identified by ``locator``.</doc>
<msg timestamp="20220322 15:34:52.183" level="INFO">Clicking element 'link=Contact Us'.</msg>
<status status="PASS" starttime="20220322 15:34:52.183" endtime="20220322 15:34:55.685"/>
</kw>
<kw name="Click Element" library="SeleniumLibrary">
<arg>xpath=//select[@id='input-reason']</arg>
<doc>Click the element identified by ``locator``.</doc>
<msg timestamp="20220322 15:34:55.686" level="INFO">Clicking element 'xpath=//select[@id='input-reason']'.</msg>
<status status="PASS" starttime="20220322 15:34:55.685" endtime="20220322 15:34:55.819"/>
</kw>
<kw name="Select From List By Label" library="SeleniumLibrary">
<arg>xpath=//select[@id='input-reason']</arg>
<arg>${query_question}</arg>
<doc>Selects options from selection list ``locator`` by ``labels``.</doc>
<msg timestamp="20220322 15:34:55.820" level="INFO">Selecting options from selection list 'xpath=//select[@id='input-reason']' by label I have a partnership question.</msg>
<status status="PASS" starttime="20220322 15:34:55.819" endtime="20220322 15:34:56.126"/>
</kw>
<kw name="Input Text" library="SeleniumLibrary">
<arg>id=input-company</arg>
<arg>ZwgNar</arg>
<doc>Types the given ``text`` into the text field identified by ``locator``.</doc>
<msg timestamp="20220322 15:34:56.127" level="INFO">Typing text 'ZwgNar' into text field 'id=input-company'.</msg>
<status status="PASS" starttime="20220322 15:34:56.126" endtime="20220322 15:34:57.465"/>
</kw>
<kw name="Input Text" library="SeleniumLibrary">
<arg>id=input-website</arg>
<arg>zwgNar.com</arg>
<doc>Types the given ``text`` into the text field identified by ``locator``.</doc>
<msg timestamp="20220322 15:34:57.466" level="INFO">Typing text 'zwgNar.com' into text field 'id=input-website'.</msg>
<status status="PASS" starttime="20220322 15:34:57.465" endtime="20220322 15:34:57.618"/>
</kw>
<kw name="Input Text" library="SeleniumLibrary">
<arg>id=input-telephone</arg>
<arg>7000000011</arg>
<doc>Types the given ``text`` into the text field identified by ``locator``.</doc>
<msg timestamp="20220322 15:34:57.619" level="INFO">Typing text '7000000011' into text field 'id=input-telephone'.</msg>
<status status="PASS" starttime="20220322 15:34:57.618" endtime="20220322 15:34:57.776"/>
</kw>
<kw name="Input Text" library="SeleniumLibrary">
<arg>id=input-enquiry</arg>
<arg>Need full info about partnership</arg>
<doc>Types the given ``text`` into the text field identified by ``locator``.</doc>
<msg timestamp="20220322 15:34:57.777" level="INFO">Typing text 'Need full info about partnership' into text field 'id=input-enquiry'.</msg>
<status status="PASS" starttime="20220322 15:34:57.776" endtime="20220322 15:34:57.978"/>
</kw>
<kw name="Element Text Should Be" library="SeleniumLibrary">
<arg>xpath=//a[text()='opencart@zendesk.com']</arg>
<arg>${validation1}</arg>
<doc>Verifies that element ``locator`` contains exact the text ``expected``.</doc>
<msg timestamp="20220322 15:34:57.979" level="INFO">Verifying element 'xpath=//a[text()='opencart@zendesk.com']' contains exact text 'opencart@zendesk.com'.</msg>
<status status="PASS" starttime="20220322 15:34:57.978" endtime="20220322 15:34:58.026"/>
</kw>
<kw name="Element Should Contain" library="SeleniumLibrary">
<arg>xpath=//div[@class='alert alert-info']</arg>
<arg>${validation2}</arg>
<doc>Verifies that element ``locator`` contains text ``expected``.</doc>
<msg timestamp="20220322 15:34:58.066" level="INFO">Element 'xpath=//div[@class='alert alert-info']' contains text 'Please provide as much information in the form below for our agents to be able to assist you.'.</msg>
<status status="PASS" starttime="20220322 15:34:58.027" endtime="20220322 15:34:58.066"/>
</kw>
<status status="PASS" starttime="20220322 15:34:35.918" endtime="20220322 15:34:58.066"/>
</kw>
<kw name="Close Browser" library="SeleniumLibrary" type="TEARDOWN">
<doc>Closes the current browser.</doc>
<status status="PASS" starttime="20220322 15:34:58.067" endtime="20220322 15:35:00.387"/>
</kw>
<status status="PASS" starttime="20220322 15:34:24.570" endtime="20220322 15:35:00.387"/>
</test>
<doc>This suite handles test case related to Contact Us.</doc>
<status status="PASS" starttime="20220322 15:34:24.116" endtime="20220322 15:35:00.387"/>
</suite>
<statistics>
<total>
<stat pass="1" fail="0" skip="0">All Tests</stat>
</total>
<tag>
</tag>
<suite>
<stat pass="1" fail="0" skip="0" id="s1" name="Verify Contact Us Suite">Verify Contact Us Suite</stat>
</suite>
</statistics>
<errors>
</errors>
</robot>
