<?xml version="1.0" encoding="UTF-8"?>
<robot generator="Robot 4.1.3 (Python 3.10.2 on win32)" generated="20220322 17:21:20.015" rpa="false" schemaversion="2">
<suite id="s1" name="Verify Invalidcredential Suite" source="E:\LT_Technology_Services\Robot_Session\Caption_Project\opencart_login_suite\verify_invalidcredential_suite.robot">
<test id="s1-t1" name="TC1">
<kw name="Launch Browser" library="CommonFunctionality" type="SETUP">
<if>
<branch type="IF" condition="'${BROWSER_NAME}'=='edge'">
<kw name="Set Local Variable" library="BuiltIn">
<arg>${driver_name}</arg>
<arg>msedgedriver.exe</arg>
<doc>Makes a variable available everywhere within the local scope.</doc>
<status status="NOT RUN" starttime="20220322 17:21:20.452" endtime="20220322 17:21:20.452"/>
</kw>
<status status="NOT RUN" starttime="20220322 17:21:20.452" endtime="20220322 17:21:20.452"/>
</branch>
<branch type="ELSE IF" condition="'${BROWSER_NAME}'== 'firefox'">
<kw name="Set Local Variable" library="BuiltIn">
<arg>${driver_name}</arg>
<arg>geckodriver.exe</arg>
<doc>Makes a variable available everywhere within the local scope.</doc>
<status status="NOT RUN" starttime="20220322 17:21:20.452" endtime="20220322 17:21:20.452"/>
</kw>
<status status="NOT RUN" starttime="20220322 17:21:20.452" endtime="20220322 17:21:20.452"/>
</branch>
<branch type="ELSE">
<kw name="Set Local Variable" library="BuiltIn">
<arg>${driver_name}</arg>
<arg>chromedriver.exe</arg>
<doc>Makes a variable available everywhere within the local scope.</doc>
<msg timestamp="20220322 17:21:20.452" level="INFO">${driver_name} = chromedriver.exe</msg>
<status status="PASS" starttime="20220322 17:21:20.452" endtime="20220322 17:21:20.452"/>
</kw>
<status status="PASS" starttime="20220322 17:21:20.452" endtime="20220322 17:21:20.452"/>
</branch>
<status status="PASS" starttime="20220322 17:21:20.452" endtime="20220322 17:21:20.452"/>
</if>
<kw name="Open Browser" library="SeleniumLibrary">
<arg>browser=${BROWSER_NAME}</arg>
<arg>executable_path=${EXECDIR}${/}driver${/}${driver_name}</arg>
<doc>Opens a new browser instance to the optional ``url``.</doc>
<msg timestamp="20220322 17:21:20.452" level="INFO">Opening browser 'chrome' to base url 'None'.</msg>
<status status="PASS" starttime="20220322 17:21:20.452" endtime="20220322 17:21:22.358"/>
</kw>
<kw name="Maximize Browser Window" library="SeleniumLibrary">
<doc>Maximizes current browser window.</doc>
<status status="PASS" starttime="20220322 17:21:22.359" endtime="20220322 17:21:22.499"/>
</kw>
<kw name="Set Selenium Implicit Wait" library="SeleniumLibrary">
<arg>30s</arg>
<doc>Sets the implicit wait value used by Selenium.</doc>
<status status="PASS" starttime="20220322 17:21:22.499" endtime="20220322 17:21:22.499"/>
</kw>
<kw name="Set Screenshot Directory" library="SeleniumLibrary">
<arg>${EXECDIR}${/}screenshot</arg>
<doc>Sets the directory for captured screenshots.</doc>
<status status="PASS" starttime="20220322 17:21:22.499" endtime="20220322 17:21:22.499"/>
</kw>
<kw name="Go To" library="SeleniumLibrary">
<arg>url=${URL}</arg>
<doc>Navigates the current browser window to the provided ``url``.</doc>
<msg timestamp="20220322 17:21:22.499" level="INFO">Opening url 'https://www.opencart.com/'</msg>
<status status="PASS" starttime="20220322 17:21:22.499" endtime="20220322 17:21:28.731"/>
</kw>
<status status="PASS" starttime="20220322 17:21:20.452" endtime="20220322 17:21:28.731"/>
</kw>
<kw name="Verify Invalid Credential Template">
<arg>testing@gmail.com</arg>
<arg>testing123</arg>
<arg>No match for E-Mail and/or Password.</arg>
<kw name="Click Element" library="SeleniumLibrary">
<arg>xpath=//a[@class='btn btn-link navbar-btn']</arg>
<doc>Click the element identified by ``locator``.</doc>
<msg timestamp="20220322 17:21:28.734" level="INFO">Clicking element 'xpath=//a[@class='btn btn-link navbar-btn']'.</msg>
<status status="PASS" starttime="20220322 17:21:28.733" endtime="20220322 17:21:31.397"/>
</kw>
<kw name="Enter Email" library="LoginPage">
<arg>${email}</arg>
<kw name="Input Text" library="SeleniumLibrary">
<arg>${EMAIL_LOCATOR}</arg>
<arg>${email}</arg>
<doc>Types the given ``text`` into the text field identified by ``locator``.</doc>
<msg timestamp="20220322 17:21:31.399" level="INFO">Typing text 'testing@gmail.com' into text field 'id=input-email'.</msg>
<status status="PASS" starttime="20220322 17:21:31.398" endtime="20220322 17:21:31.562"/>
</kw>
<status status="PASS" starttime="20220322 17:21:31.398" endtime="20220322 17:21:31.562"/>
</kw>
<kw name="Enter Password" library="LoginPage">
<arg>${password}</arg>
<kw name="Input Text" library="SeleniumLibrary">
<arg>${PASSWORD_LOCATOR}</arg>
<arg>${password}</arg>
<doc>Types the given ``text`` into the text field identified by ``locator``.</doc>
<msg timestamp="20220322 17:21:31.578" level="INFO">Typing text 'testing123' into text field 'id=input-password'.</msg>
<status status="PASS" starttime="20220322 17:21:31.562" endtime="20220322 17:21:31.767"/>
</kw>
<status status="PASS" starttime="20220322 17:21:31.562" endtime="20220322 17:21:31.768"/>
</kw>
<kw name="Click Login" library="LoginPage">
<kw name="Click Element" library="SeleniumLibrary">
<arg>${BUTTON_LOGIN}</arg>
<doc>Click the element identified by ``locator``.</doc>
<msg timestamp="20220322 17:21:31.770" level="INFO">Clicking element 'xpath=//button[@class='btn btn-primary btn-lg hidden-xs']'.</msg>
<status status="PASS" starttime="20220322 17:21:31.769" endtime="20220322 17:21:35.854"/>
</kw>
<status status="PASS" starttime="20220322 17:21:31.768" endtime="20220322 17:21:35.855"/>
</kw>
<kw name="Validate Error" library="LoginPage">
<arg>${expected_error}</arg>
<kw name="Element Should Contain" library="SeleniumLibrary">
<arg>${ERROR_LOCATOR}</arg>
<arg>${expected_error}</arg>
<doc>Verifies that element ``locator`` contains text ``expected``.</doc>
<msg timestamp="20220322 17:21:35.908" level="INFO">Element 'xpath=//div[@class='alert alert-danger']' contains text 'No match for E-Mail and/or Password.'.</msg>
<status status="PASS" starttime="20220322 17:21:35.857" endtime="20220322 17:21:35.909"/>
</kw>
<status status="PASS" starttime="20220322 17:21:35.855" endtime="20220322 17:21:35.909"/>
</kw>
<status status="PASS" starttime="20220322 17:21:28.732" endtime="20220322 17:21:35.909"/>
</kw>
<kw name="Close Browser" library="SeleniumLibrary" type="TEARDOWN">
<doc>Closes the current browser.</doc>
<status status="PASS" starttime="20220322 17:21:35.910" endtime="20220322 17:21:38.221"/>
</kw>
<status status="PASS" starttime="20220322 17:21:20.452" endtime="20220322 17:21:38.221"/>
</test>
<test id="s1-t2" name="TC2">
<kw name="Launch Browser" library="CommonFunctionality" type="SETUP">
<if>
<branch type="IF" condition="'${BROWSER_NAME}'=='edge'">
<kw name="Set Local Variable" library="BuiltIn">
<arg>${driver_name}</arg>
<arg>msedgedriver.exe</arg>
<doc>Makes a variable available everywhere within the local scope.</doc>
<status status="NOT RUN" starttime="20220322 17:21:38.221" endtime="20220322 17:21:38.221"/>
</kw>
<status status="NOT RUN" starttime="20220322 17:21:38.221" endtime="20220322 17:21:38.221"/>
</branch>
<branch type="ELSE IF" condition="'${BROWSER_NAME}'== 'firefox'">
<kw name="Set Local Variable" library="BuiltIn">
<arg>${driver_name}</arg>
<arg>geckodriver.exe</arg>
<doc>Makes a variable available everywhere within the local scope.</doc>
<status status="NOT RUN" starttime="20220322 17:21:38.221" endtime="20220322 17:21:38.221"/>
</kw>
<status status="NOT RUN" starttime="20220322 17:21:38.221" endtime="20220322 17:21:38.221"/>
</branch>
<branch type="ELSE">
<kw name="Set Local Variable" library="BuiltIn">
<arg>${driver_name}</arg>
<arg>chromedriver.exe</arg>
<doc>Makes a variable available everywhere within the local scope.</doc>
<msg timestamp="20220322 17:21:38.237" level="INFO">${driver_name} = chromedriver.exe</msg>
<status status="PASS" starttime="20220322 17:21:38.221" endtime="20220322 17:21:38.237"/>
</kw>
<status status="PASS" starttime="20220322 17:21:38.221" endtime="20220322 17:21:38.237"/>
</branch>
<status status="PASS" starttime="20220322 17:21:38.221" endtime="20220322 17:21:38.237"/>
</if>
<kw name="Open Browser" library="SeleniumLibrary">
<arg>browser=${BROWSER_NAME}</arg>
<arg>executable_path=${EXECDIR}${/}driver${/}${driver_name}</arg>
<doc>Opens a new browser instance to the optional ``url``.</doc>
<msg timestamp="20220322 17:21:38.237" level="INFO">Opening browser 'chrome' to base url 'None'.</msg>
<status status="PASS" starttime="20220322 17:21:38.237" endtime="20220322 17:21:40.082"/>
</kw>
<kw name="Maximize Browser Window" library="SeleniumLibrary">
<doc>Maximizes current browser window.</doc>
<status status="PASS" starttime="20220322 17:21:40.082" endtime="20220322 17:21:40.220"/>
</kw>
<kw name="Set Selenium Implicit Wait" library="SeleniumLibrary">
<arg>30s</arg>
<doc>Sets the implicit wait value used by Selenium.</doc>
<status status="PASS" starttime="20220322 17:21:40.220" endtime="20220322 17:21:40.223"/>
</kw>
<kw name="Set Screenshot Directory" library="SeleniumLibrary">
<arg>${EXECDIR}${/}screenshot</arg>
<doc>Sets the directory for captured screenshots.</doc>
<status status="PASS" starttime="20220322 17:21:40.224" endtime="20220322 17:21:40.225"/>
</kw>
<kw name="Go To" library="SeleniumLibrary">
<arg>url=${URL}</arg>
<doc>Navigates the current browser window to the provided ``url``.</doc>
<msg timestamp="20220322 17:21:40.226" level="INFO">Opening url 'https://www.opencart.com/'</msg>
<status status="PASS" starttime="20220322 17:21:40.225" endtime="20220322 17:22:01.573"/>
</kw>
<status status="PASS" starttime="20220322 17:21:38.221" endtime="20220322 17:22:01.574"/>
</kw>
<kw name="Verify Invalid Credential Template">
<arg>demotest@gmail.com</arg>
<arg>demotest123</arg>
<arg>No match for E-Mail and/or Password.</arg>
<kw name="Click Element" library="SeleniumLibrary">
<arg>xpath=//a[@class='btn btn-link navbar-btn']</arg>
<doc>Click the element identified by ``locator``.</doc>
<msg timestamp="20220322 17:22:01.576" level="INFO">Clicking element 'xpath=//a[@class='btn btn-link navbar-btn']'.</msg>
<status status="PASS" starttime="20220322 17:22:01.575" endtime="20220322 17:22:04.300"/>
</kw>
<kw name="Enter Email" library="LoginPage">
<arg>${email}</arg>
<kw name="Input Text" library="SeleniumLibrary">
<arg>${EMAIL_LOCATOR}</arg>
<arg>${email}</arg>
<doc>Types the given ``text`` into the text field identified by ``locator``.</doc>
<msg timestamp="20220322 17:22:04.303" level="INFO">Typing text 'demotest@gmail.com' into text field 'id=input-email'.</msg>
<status status="PASS" starttime="20220322 17:22:04.302" endtime="20220322 17:22:04.489"/>
</kw>
<status status="PASS" starttime="20220322 17:22:04.300" endtime="20220322 17:22:04.489"/>
</kw>
<kw name="Enter Password" library="LoginPage">
<arg>${password}</arg>
<kw name="Input Text" library="SeleniumLibrary">
<arg>${PASSWORD_LOCATOR}</arg>
<arg>${password}</arg>
<doc>Types the given ``text`` into the text field identified by ``locator``.</doc>
<msg timestamp="20220322 17:22:04.492" level="INFO">Typing text 'demotest123' into text field 'id=input-password'.</msg>
<status status="PASS" starttime="20220322 17:22:04.490" endtime="20220322 17:22:04.677"/>
</kw>
<status status="PASS" starttime="20220322 17:22:04.489" endtime="20220322 17:22:04.677"/>
</kw>
<kw name="Click Login" library="LoginPage">
<kw name="Click Element" library="SeleniumLibrary">
<arg>${BUTTON_LOGIN}</arg>
<doc>Click the element identified by ``locator``.</doc>
<msg timestamp="20220322 17:22:04.679" level="INFO">Clicking element 'xpath=//button[@class='btn btn-primary btn-lg hidden-xs']'.</msg>
<status status="PASS" starttime="20220322 17:22:04.678" endtime="20220322 17:22:08.561"/>
</kw>
<status status="PASS" starttime="20220322 17:22:04.677" endtime="20220322 17:22:08.562"/>
</kw>
<kw name="Validate Error" library="LoginPage">
<arg>${expected_error}</arg>
<kw name="Element Should Contain" library="SeleniumLibrary">
<arg>${ERROR_LOCATOR}</arg>
<arg>${expected_error}</arg>
<doc>Verifies that element ``locator`` contains text ``expected``.</doc>
<msg timestamp="20220322 17:22:08.611" level="INFO">Element 'xpath=//div[@class='alert alert-danger']' contains text 'No match for E-Mail and/or Password.'.</msg>
<status status="PASS" starttime="20220322 17:22:08.562" endtime="20220322 17:22:08.611"/>
</kw>
<status status="PASS" starttime="20220322 17:22:08.562" endtime="20220322 17:22:08.612"/>
</kw>
<status status="PASS" starttime="20220322 17:22:01.575" endtime="20220322 17:22:08.612"/>
</kw>
<kw name="Close Browser" library="SeleniumLibrary" type="TEARDOWN">
<doc>Closes the current browser.</doc>
<status status="PASS" starttime="20220322 17:22:08.613" endtime="20220322 17:22:10.889"/>
</kw>
<status status="PASS" starttime="20220322 17:21:38.221" endtime="20220322 17:22:10.889"/>
</test>
<test id="s1-t3" name="TC3">
<kw name="Launch Browser" library="CommonFunctionality" type="SETUP">
<if>
<branch type="IF" condition="'${BROWSER_NAME}'=='edge'">
<kw name="Set Local Variable" library="BuiltIn">
<arg>${driver_name}</arg>
<arg>msedgedriver.exe</arg>
<doc>Makes a variable available everywhere within the local scope.</doc>
<status status="NOT RUN" starttime="20220322 17:22:10.889" endtime="20220322 17:22:10.889"/>
</kw>
<status status="NOT RUN" starttime="20220322 17:22:10.889" endtime="20220322 17:22:10.889"/>
</branch>
<branch type="ELSE IF" condition="'${BROWSER_NAME}'== 'firefox'">
<kw name="Set Local Variable" library="BuiltIn">
<arg>${driver_name}</arg>
<arg>geckodriver.exe</arg>
<doc>Makes a variable available everywhere within the local scope.</doc>
<status status="NOT RUN" starttime="20220322 17:22:10.889" endtime="20220322 17:22:10.889"/>
</kw>
<status status="NOT RUN" starttime="20220322 17:22:10.889" endtime="20220322 17:22:10.889"/>
</branch>
<branch type="ELSE">
<kw name="Set Local Variable" library="BuiltIn">
<arg>${driver_name}</arg>
<arg>chromedriver.exe</arg>
<doc>Makes a variable available everywhere within the local scope.</doc>
<msg timestamp="20220322 17:22:10.889" level="INFO">${driver_name} = chromedriver.exe</msg>
<status status="PASS" starttime="20220322 17:22:10.889" endtime="20220322 17:22:10.905"/>
</kw>
<status status="PASS" starttime="20220322 17:22:10.889" endtime="20220322 17:22:10.905"/>
</branch>
<status status="PASS" starttime="20220322 17:22:10.889" endtime="20220322 17:22:10.905"/>
</if>
<kw name="Open Browser" library="SeleniumLibrary">
<arg>browser=${BROWSER_NAME}</arg>
<arg>executable_path=${EXECDIR}${/}driver${/}${driver_name}</arg>
<doc>Opens a new browser instance to the optional ``url``.</doc>
<msg timestamp="20220322 17:22:10.905" level="INFO">Opening browser 'chrome' to base url 'None'.</msg>
<status status="PASS" starttime="20220322 17:22:10.905" endtime="20220322 17:22:12.774"/>
</kw>
<kw name="Maximize Browser Window" library="SeleniumLibrary">
<doc>Maximizes current browser window.</doc>
<status status="PASS" starttime="20220322 17:22:12.774" endtime="20220322 17:22:12.900"/>
</kw>
<kw name="Set Selenium Implicit Wait" library="SeleniumLibrary">
<arg>30s</arg>
<doc>Sets the implicit wait value used by Selenium.</doc>
<status status="PASS" starttime="20220322 17:22:12.900" endtime="20220322 17:22:12.900"/>
</kw>
<kw name="Set Screenshot Directory" library="SeleniumLibrary">
<arg>${EXECDIR}${/}screenshot</arg>
<doc>Sets the directory for captured screenshots.</doc>
<status status="PASS" starttime="20220322 17:22:12.900" endtime="20220322 17:22:12.900"/>
</kw>
<kw name="Go To" library="SeleniumLibrary">
<arg>url=${URL}</arg>
<doc>Navigates the current browser window to the provided ``url``.</doc>
<msg timestamp="20220322 17:22:12.900" level="INFO">Opening url 'https://www.opencart.com/'</msg>
<status status="PASS" starttime="20220322 17:22:12.900" endtime="20220322 17:22:21.451"/>
</kw>
<status status="PASS" starttime="20220322 17:22:10.889" endtime="20220322 17:22:21.452"/>
</kw>
<kw name="Verify Invalid Credential Template">
<arg>${EMPTY}</arg>
<arg>testing123</arg>
<arg>No match for E-Mail and/or Password.</arg>
<kw name="Click Element" library="SeleniumLibrary">
<arg>xpath=//a[@class='btn btn-link navbar-btn']</arg>
<doc>Click the element identified by ``locator``.</doc>
<msg timestamp="20220322 17:22:21.458" level="INFO">Clicking element 'xpath=//a[@class='btn btn-link navbar-btn']'.</msg>
<status status="PASS" starttime="20220322 17:22:21.456" endtime="20220322 17:22:23.074"/>
</kw>
<kw name="Enter Email" library="LoginPage">
<arg>${email}</arg>
<kw name="Input Text" library="SeleniumLibrary">
<arg>${EMAIL_LOCATOR}</arg>
<arg>${email}</arg>
<doc>Types the given ``text`` into the text field identified by ``locator``.</doc>
<msg timestamp="20220322 17:22:23.077" level="INFO">Typing text '' into text field 'id=input-email'.</msg>
<status status="PASS" starttime="20220322 17:22:23.076" endtime="20220322 17:22:23.193"/>
</kw>
<status status="PASS" starttime="20220322 17:22:23.075" endtime="20220322 17:22:23.194"/>
</kw>
<kw name="Enter Password" library="LoginPage">
<arg>${password}</arg>
<kw name="Input Text" library="SeleniumLibrary">
<arg>${PASSWORD_LOCATOR}</arg>
<arg>${password}</arg>
<doc>Types the given ``text`` into the text field identified by ``locator``.</doc>
<msg timestamp="20220322 17:22:23.195" level="INFO">Typing text 'testing123' into text field 'id=input-password'.</msg>
<status status="PASS" starttime="20220322 17:22:23.194" endtime="20220322 17:22:23.375"/>
</kw>
<status status="PASS" starttime="20220322 17:22:23.194" endtime="20220322 17:22:23.376"/>
</kw>
<kw name="Click Login" library="LoginPage">
<kw name="Click Element" library="SeleniumLibrary">
<arg>${BUTTON_LOGIN}</arg>
<doc>Click the element identified by ``locator``.</doc>
<msg timestamp="20220322 17:22:23.377" level="INFO">Clicking element 'xpath=//button[@class='btn btn-primary btn-lg hidden-xs']'.</msg>
<status status="PASS" starttime="20220322 17:22:23.377" endtime="20220322 17:22:26.976"/>
</kw>
<status status="PASS" starttime="20220322 17:22:23.376" endtime="20220322 17:22:26.976"/>
</kw>
<kw name="Validate Error" library="LoginPage">
<arg>${expected_error}</arg>
<kw name="Element Should Contain" library="SeleniumLibrary">
<arg>${ERROR_LOCATOR}</arg>
<arg>${expected_error}</arg>
<doc>Verifies that element ``locator`` contains text ``expected``.</doc>
<msg timestamp="20220322 17:22:27.040" level="INFO">Element 'xpath=//div[@class='alert alert-danger']' contains text 'No match for E-Mail and/or Password.'.</msg>
<status status="PASS" starttime="20220322 17:22:26.976" endtime="20220322 17:22:27.041"/>
</kw>
<status status="PASS" starttime="20220322 17:22:26.976" endtime="20220322 17:22:27.041"/>
</kw>
<status status="PASS" starttime="20220322 17:22:21.453" endtime="20220322 17:22:27.041"/>
</kw>
<kw name="Close Browser" library="SeleniumLibrary" type="TEARDOWN">
<doc>Closes the current browser.</doc>
<status status="PASS" starttime="20220322 17:22:27.042" endtime="20220322 17:22:29.319"/>
</kw>
<status status="PASS" starttime="20220322 17:22:10.889" endtime="20220322 17:22:29.319"/>
</test>
<test id="s1-t4" name="TC4">
<kw name="Launch Browser" library="CommonFunctionality" type="SETUP">
<if>
<branch type="IF" condition="'${BROWSER_NAME}'=='edge'">
<kw name="Set Local Variable" library="BuiltIn">
<arg>${driver_name}</arg>
<arg>msedgedriver.exe</arg>
<doc>Makes a variable available everywhere within the local scope.</doc>
<status status="NOT RUN" starttime="20220322 17:22:29.319" endtime="20220322 17:22:29.319"/>
</kw>
<status status="NOT RUN" starttime="20220322 17:22:29.319" endtime="20220322 17:22:29.319"/>
</branch>
<branch type="ELSE IF" condition="'${BROWSER_NAME}'== 'firefox'">
<kw name="Set Local Variable" library="BuiltIn">
<arg>${driver_name}</arg>
<arg>geckodriver.exe</arg>
<doc>Makes a variable available everywhere within the local scope.</doc>
<status status="NOT RUN" starttime="20220322 17:22:29.319" endtime="20220322 17:22:29.319"/>
</kw>
<status status="NOT RUN" starttime="20220322 17:22:29.319" endtime="20220322 17:22:29.319"/>
</branch>
<branch type="ELSE">
<kw name="Set Local Variable" library="BuiltIn">
<arg>${driver_name}</arg>
<arg>chromedriver.exe</arg>
<doc>Makes a variable available everywhere within the local scope.</doc>
<msg timestamp="20220322 17:22:29.319" level="INFO">${driver_name} = chromedriver.exe</msg>
<status status="PASS" starttime="20220322 17:22:29.319" endtime="20220322 17:22:29.334"/>
</kw>
<status status="PASS" starttime="20220322 17:22:29.319" endtime="20220322 17:22:29.334"/>
</branch>
<status status="PASS" starttime="20220322 17:22:29.319" endtime="20220322 17:22:29.334"/>
</if>
<kw name="Open Browser" library="SeleniumLibrary">
<arg>browser=${BROWSER_NAME}</arg>
<arg>executable_path=${EXECDIR}${/}driver${/}${driver_name}</arg>
<doc>Opens a new browser instance to the optional ``url``.</doc>
<msg timestamp="20220322 17:22:29.334" level="INFO">Opening browser 'chrome' to base url 'None'.</msg>
<status status="PASS" starttime="20220322 17:22:29.334" endtime="20220322 17:22:31.231"/>
</kw>
<kw name="Maximize Browser Window" library="SeleniumLibrary">
<doc>Maximizes current browser window.</doc>
<status status="PASS" starttime="20220322 17:22:31.232" endtime="20220322 17:22:31.384"/>
</kw>
<kw name="Set Selenium Implicit Wait" library="SeleniumLibrary">
<arg>30s</arg>
<doc>Sets the implicit wait value used by Selenium.</doc>
<status status="PASS" starttime="20220322 17:22:31.384" endtime="20220322 17:22:31.384"/>
</kw>
<kw name="Set Screenshot Directory" library="SeleniumLibrary">
<arg>${EXECDIR}${/}screenshot</arg>
<doc>Sets the directory for captured screenshots.</doc>
<status status="PASS" starttime="20220322 17:22:31.384" endtime="20220322 17:22:31.384"/>
</kw>
<kw name="Go To" library="SeleniumLibrary">
<arg>url=${URL}</arg>
<doc>Navigates the current browser window to the provided ``url``.</doc>
<msg timestamp="20220322 17:22:31.384" level="INFO">Opening url 'https://www.opencart.com/'</msg>
<status status="PASS" starttime="20220322 17:22:31.384" endtime="20220322 17:22:35.895"/>
</kw>
<status status="PASS" starttime="20220322 17:22:29.319" endtime="20220322 17:22:35.895"/>
</kw>
<kw name="Verify Invalid Credential Template">
<arg>demotest@gmail.com</arg>
<arg>${EMPTY}</arg>
<arg>No match for E-Mail and/or Password.</arg>
<kw name="Click Element" library="SeleniumLibrary">
<arg>xpath=//a[@class='btn btn-link navbar-btn']</arg>
<doc>Click the element identified by ``locator``.</doc>
<msg timestamp="20220322 17:22:35.900" level="INFO">Clicking element 'xpath=//a[@class='btn btn-link navbar-btn']'.</msg>
<status status="PASS" starttime="20220322 17:22:35.899" endtime="20220322 17:22:37.370"/>
</kw>
<kw name="Enter Email" library="LoginPage">
<arg>${email}</arg>
<kw name="Input Text" library="SeleniumLibrary">
<arg>${EMAIL_LOCATOR}</arg>
<arg>${email}</arg>
<doc>Types the given ``text`` into the text field identified by ``locator``.</doc>
<msg timestamp="20220322 17:22:37.371" level="INFO">Typing text 'demotest@gmail.com' into text field 'id=input-email'.</msg>
<status status="PASS" starttime="20220322 17:22:37.371" endtime="20220322 17:22:37.523"/>
</kw>
<status status="PASS" starttime="20220322 17:22:37.370" endtime="20220322 17:22:37.524"/>
</kw>
<kw name="Enter Password" library="LoginPage">
<arg>${password}</arg>
<kw name="Input Text" library="SeleniumLibrary">
<arg>${PASSWORD_LOCATOR}</arg>
<arg>${password}</arg>
<doc>Types the given ``text`` into the text field identified by ``locator``.</doc>
<msg timestamp="20220322 17:22:37.526" level="INFO">Typing text '' into text field 'id=input-password'.</msg>
<status status="PASS" starttime="20220322 17:22:37.525" endtime="20220322 17:22:37.671"/>
</kw>
<status status="PASS" starttime="20220322 17:22:37.524" endtime="20220322 17:22:37.671"/>
</kw>
<kw name="Click Login" library="LoginPage">
<kw name="Click Element" library="SeleniumLibrary">
<arg>${BUTTON_LOGIN}</arg>
<doc>Click the element identified by ``locator``.</doc>
<msg timestamp="20220322 17:22:37.673" level="INFO">Clicking element 'xpath=//button[@class='btn btn-primary btn-lg hidden-xs']'.</msg>
<status status="PASS" starttime="20220322 17:22:37.672" endtime="20220322 17:22:41.376"/>
</kw>
<status status="PASS" starttime="20220322 17:22:37.671" endtime="20220322 17:22:41.377"/>
</kw>
<kw name="Validate Error" library="LoginPage">
<arg>${expected_error}</arg>
<kw name="Element Should Contain" library="SeleniumLibrary">
<arg>${ERROR_LOCATOR}</arg>
<arg>${expected_error}</arg>
<doc>Verifies that element ``locator`` contains text ``expected``.</doc>
<msg timestamp="20220322 17:22:41.419" level="INFO">Element 'xpath=//div[@class='alert alert-danger']' contains text 'No match for E-Mail and/or Password.'.</msg>
<status status="PASS" starttime="20220322 17:22:41.378" endtime="20220322 17:22:41.419"/>
</kw>
<status status="PASS" starttime="20220322 17:22:41.377" endtime="20220322 17:22:41.420"/>
</kw>
<status status="PASS" starttime="20220322 17:22:35.896" endtime="20220322 17:22:41.420"/>
</kw>
<kw name="Close Browser" library="SeleniumLibrary" type="TEARDOWN">
<doc>Closes the current browser.</doc>
<status status="PASS" starttime="20220322 17:22:41.421" endtime="20220322 17:22:43.686"/>
</kw>
<status status="PASS" starttime="20220322 17:22:29.319" endtime="20220322 17:22:43.686"/>
</test>
<doc>This suite willl handles all the test cases related to invalid credentials test.Test case for opencart.</doc>
<status status="PASS" starttime="20220322 17:21:20.015" endtime="20220322 17:22:43.686"/>
</suite>
<statistics>
<total>
<stat pass="4" fail="0" skip="0">All Tests</stat>
</total>
<tag>
</tag>
<suite>
<stat pass="4" fail="0" skip="0" id="s1" name="Verify Invalidcredential Suite">Verify Invalidcredential Suite</stat>
</suite>
</statistics>
<errors>
</errors>
</robot>
