<?xml version="1.0" encoding="UTF-8"?>
<robot generator="Robot 4.1.3 (Python 3.10.2 on win32)" generated="20220322 17:17:45.081" rpa="false" schemaversion="2">
<suite id="s1" name="Verify Validacredential Suite" source="E:\LT_Technology_Services\Robot_Session\Caption_Project\opencart_login_suite\verify_validacredential_suite.robot">
<test id="s1-t1" name="Verify Valid Credential Test">
<kw name="Launch Browser" library="CommonFunctionality" type="SETUP">
<if>
<branch type="IF" condition="'${BROWSER_NAME}'=='edge'">
<kw name="Set Local Variable" library="BuiltIn">
<arg>${driver_name}</arg>
<arg>msedgedriver.exe</arg>
<doc>Makes a variable available everywhere within the local scope.</doc>
<status status="NOT RUN" starttime="20220322 17:17:45.519" endtime="20220322 17:17:45.519"/>
</kw>
<status status="NOT RUN" starttime="20220322 17:17:45.519" endtime="20220322 17:17:45.519"/>
</branch>
<branch type="ELSE IF" condition="'${BROWSER_NAME}'== 'firefox'">
<kw name="Set Local Variable" library="BuiltIn">
<arg>${driver_name}</arg>
<arg>geckodriver.exe</arg>
<doc>Makes a variable available everywhere within the local scope.</doc>
<status status="NOT RUN" starttime="20220322 17:17:45.519" endtime="20220322 17:17:45.519"/>
</kw>
<status status="NOT RUN" starttime="20220322 17:17:45.519" endtime="20220322 17:17:45.519"/>
</branch>
<branch type="ELSE">
<kw name="Set Local Variable" library="BuiltIn">
<arg>${driver_name}</arg>
<arg>chromedriver.exe</arg>
<doc>Makes a variable available everywhere within the local scope.</doc>
<msg timestamp="20220322 17:17:45.519" level="INFO">${driver_name} = chromedriver.exe</msg>
<status status="PASS" starttime="20220322 17:17:45.519" endtime="20220322 17:17:45.519"/>
</kw>
<status status="PASS" starttime="20220322 17:17:45.519" endtime="20220322 17:17:45.519"/>
</branch>
<status status="PASS" starttime="20220322 17:17:45.519" endtime="20220322 17:17:45.519"/>
</if>
<kw name="Open Browser" library="SeleniumLibrary">
<arg>browser=${BROWSER_NAME}</arg>
<arg>executable_path=${EXECDIR}${/}driver${/}${driver_name}</arg>
<doc>Opens a new browser instance to the optional ``url``.</doc>
<msg timestamp="20220322 17:17:45.534" level="INFO">Opening browser 'chrome' to base url 'None'.</msg>
<status status="PASS" starttime="20220322 17:17:45.519" endtime="20220322 17:17:47.376"/>
</kw>
<kw name="Maximize Browser Window" library="SeleniumLibrary">
<doc>Maximizes current browser window.</doc>
<status status="PASS" starttime="20220322 17:17:47.376" endtime="20220322 17:17:47.556"/>
</kw>
<kw name="Set Selenium Implicit Wait" library="SeleniumLibrary">
<arg>30s</arg>
<doc>Sets the implicit wait value used by Selenium.</doc>
<status status="PASS" starttime="20220322 17:17:47.557" endtime="20220322 17:17:47.561"/>
</kw>
<kw name="Set Screenshot Directory" library="SeleniumLibrary">
<arg>${EXECDIR}${/}screenshot</arg>
<doc>Sets the directory for captured screenshots.</doc>
<status status="PASS" starttime="20220322 17:17:47.561" endtime="20220322 17:17:47.562"/>
</kw>
<kw name="Go To" library="SeleniumLibrary">
<arg>url=${URL}</arg>
<doc>Navigates the current browser window to the provided ``url``.</doc>
<msg timestamp="20220322 17:17:47.564" level="INFO">Opening url 'https://www.opencart.com/'</msg>
<status status="PASS" starttime="20220322 17:17:47.563" endtime="20220322 17:17:58.177"/>
</kw>
<status status="PASS" starttime="20220322 17:17:45.519" endtime="20220322 17:17:58.178"/>
</kw>
<kw name="Click Element" library="SeleniumLibrary">
<arg>xpath=//a[@class='btn btn-link navbar-btn']</arg>
<doc>Click the element identified by ``locator``.</doc>
<msg timestamp="20220322 17:17:58.179" level="INFO">Clicking element 'xpath=//a[@class='btn btn-link navbar-btn']'.</msg>
<status status="PASS" starttime="20220322 17:17:58.178" endtime="20220322 17:18:00.298"/>
</kw>
<kw name="Input Text" library="SeleniumLibrary">
<arg>id=input-email</arg>
<arg>anupbasu@gmail.com</arg>
<doc>Types the given ``text`` into the text field identified by ``locator``.</doc>
<msg timestamp="20220322 17:18:00.300" level="INFO">Typing text 'anupbasu@gmail.com' into text field 'id=input-email'.</msg>
<status status="PASS" starttime="20220322 17:18:00.299" endtime="20220322 17:18:00.482"/>
</kw>
<kw name="Input Text" library="SeleniumLibrary">
<arg>id=input-password</arg>
<arg>anupbasu123</arg>
<doc>Types the given ``text`` into the text field identified by ``locator``.</doc>
<msg timestamp="20220322 17:18:00.482" level="INFO">Typing text 'anupbasu123' into text field 'id=input-password'.</msg>
<status status="PASS" starttime="20220322 17:18:00.482" endtime="20220322 17:18:00.673"/>
</kw>
<kw name="Click Element" library="SeleniumLibrary">
<arg>xpath=//button[@class='btn btn-primary btn-lg hidden-xs']</arg>
<doc>Click the element identified by ``locator``.</doc>
<msg timestamp="20220322 17:18:00.674" level="INFO">Clicking element 'xpath=//button[@class='btn btn-primary btn-lg hidden-xs']'.</msg>
<status status="PASS" starttime="20220322 17:18:00.674" endtime="20220322 17:18:07.694"/>
</kw>
<kw name="Page Should Contain" library="SeleniumLibrary">
<arg>Demo</arg>
<doc>Verifies that current page contains ``text``.</doc>
<msg timestamp="20220322 17:18:07.721" level="INFO">Current page contains text 'Demo'.</msg>
<status status="PASS" starttime="20220322 17:18:07.694" endtime="20220322 17:18:07.721"/>
</kw>
<kw name="Capture Page Screenshot" library="SeleniumLibrary">
<doc>Takes a screenshot of the current page and embeds it into a log file.</doc>
<msg timestamp="20220322 17:18:07.984" level="INFO" html="true">&lt;/td&gt;&lt;/tr&gt;&lt;tr&gt;&lt;td colspan="3"&gt;&lt;a href="screenshot/selenium-screenshot-8.png"&gt;&lt;img src="screenshot/selenium-screenshot-8.png" width="800px"&gt;&lt;/a&gt;</msg>
<status status="PASS" starttime="20220322 17:18:07.722" endtime="20220322 17:18:07.984"/>
</kw>
<kw name="Close Browser" library="SeleniumLibrary" type="TEARDOWN">
<doc>Closes the current browser.</doc>
<status status="PASS" starttime="20220322 17:18:07.985" endtime="20220322 17:18:10.286"/>
</kw>
<status status="PASS" starttime="20220322 17:17:45.519" endtime="20220322 17:18:10.286"/>
</test>
<doc>This suite willl handles all the test cases related to valid credentials test.Test case for opencart.</doc>
<status status="PASS" starttime="20220322 17:17:45.081" endtime="20220322 17:18:10.286"/>
</suite>
<statistics>
<total>
<stat pass="1" fail="0" skip="0">All Tests</stat>
</total>
<tag>
</tag>
<suite>
<stat pass="1" fail="0" skip="0" id="s1" name="Verify Validacredential Suite">Verify Validacredential Suite</stat>
</suite>
</statistics>
<errors>
</errors>
</robot>
