<?xml version="1.0" encoding="UTF-8"?>
<robot generator="Robot 4.1.3 (Python 3.10.2 on win32)" generated="20220322 02:12:56.782" rpa="false" schemaversion="2">
<suite id="s1" name="Verify Opencart Partners Suite" source="E:\LT_Technology_Services\Robot_Session\Caption_Project\opencart_resources_suite\verify_opencart_partners_suite.robot">
<test id="s1-t1" name="Verify Valid Credential Test">
<kw name="Launch Browser" library="CommonFunctionality" type="SETUP">
<if>
<branch type="IF" condition="'${BROWSER_NAME}'=='edge'">
<kw name="Set Local Variable" library="BuiltIn">
<arg>${driver_name}</arg>
<arg>msedgedriver.exe</arg>
<doc>Makes a variable available everywhere within the local scope.</doc>
<status status="NOT RUN" starttime="20220322 02:12:57.204" endtime="20220322 02:12:57.204"/>
</kw>
<status status="NOT RUN" starttime="20220322 02:12:57.204" endtime="20220322 02:12:57.204"/>
</branch>
<branch type="ELSE IF" condition="'${BROWSER_NAME}'== 'firefox'">
<kw name="Set Local Variable" library="BuiltIn">
<arg>${driver_name}</arg>
<arg>geckodriver.exe</arg>
<doc>Makes a variable available everywhere within the local scope.</doc>
<status status="NOT RUN" starttime="20220322 02:12:57.204" endtime="20220322 02:12:57.204"/>
</kw>
<status status="NOT RUN" starttime="20220322 02:12:57.204" endtime="20220322 02:12:57.204"/>
</branch>
<branch type="ELSE">
<kw name="Set Local Variable" library="BuiltIn">
<arg>${driver_name}</arg>
<arg>chromedriver.exe</arg>
<doc>Makes a variable available everywhere within the local scope.</doc>
<msg timestamp="20220322 02:12:57.204" level="INFO">${driver_name} = chromedriver.exe</msg>
<status status="PASS" starttime="20220322 02:12:57.204" endtime="20220322 02:12:57.204"/>
</kw>
<status status="PASS" starttime="20220322 02:12:57.204" endtime="20220322 02:12:57.204"/>
</branch>
<status status="PASS" starttime="20220322 02:12:57.204" endtime="20220322 02:12:57.204"/>
</if>
<kw name="Open Browser" library="SeleniumLibrary">
<arg>browser=${BROWSER_NAME}</arg>
<arg>executable_path=${EXECDIR}${/}driver${/}${driver_name}</arg>
<doc>Opens a new browser instance to the optional ``url``.</doc>
<msg timestamp="20220322 02:12:57.204" level="INFO">Opening browser 'chrome' to base url 'None'.</msg>
<status status="PASS" starttime="20220322 02:12:57.204" endtime="20220322 02:12:59.139"/>
</kw>
<kw name="Maximize Browser Window" library="SeleniumLibrary">
<doc>Maximizes current browser window.</doc>
<status status="PASS" starttime="20220322 02:12:59.139" endtime="20220322 02:12:59.276"/>
</kw>
<kw name="Set Selenium Implicit Wait" library="SeleniumLibrary">
<arg>30s</arg>
<doc>Sets the implicit wait value used by Selenium.</doc>
<status status="PASS" starttime="20220322 02:12:59.276" endtime="20220322 02:12:59.276"/>
</kw>
<kw name="Set Screenshot Directory" library="SeleniumLibrary">
<arg>${EXECDIR}${/}screenshot</arg>
<doc>Sets the directory for captured screenshots.</doc>
<status status="PASS" starttime="20220322 02:12:59.276" endtime="20220322 02:12:59.276"/>
</kw>
<kw name="Go To" library="SeleniumLibrary">
<arg>url=${URL}</arg>
<doc>Navigates the current browser window to the provided ``url``.</doc>
<msg timestamp="20220322 02:12:59.276" level="INFO">Opening url 'https://www.opencart.com/'</msg>
<status status="PASS" starttime="20220322 02:12:59.276" endtime="20220322 02:13:07.624"/>
</kw>
<status status="PASS" starttime="20220322 02:12:57.204" endtime="20220322 02:13:07.624"/>
</kw>
<kw name="Click Element" library="SeleniumLibrary">
<arg>xpath=//a[@class='btn btn-link navbar-btn']</arg>
<doc>Click the element identified by ``locator``.</doc>
<msg timestamp="20220322 02:13:07.626" level="INFO">Clicking element 'xpath=//a[@class='btn btn-link navbar-btn']'.</msg>
<status status="PASS" starttime="20220322 02:13:07.625" endtime="20220322 02:13:09.564"/>
</kw>
<kw name="Input Text" library="SeleniumLibrary">
<arg>id=input-email</arg>
<arg>alubasu</arg>
<doc>Types the given ``text`` into the text field identified by ``locator``.</doc>
<msg timestamp="20220322 02:13:09.568" level="INFO">Typing text 'alubasu' into text field 'id=input-email'.</msg>
<status status="PASS" starttime="20220322 02:13:09.567" endtime="20220322 02:13:09.727"/>
</kw>
<kw name="Input Text" library="SeleniumLibrary">
<arg>id=input-password</arg>
<arg>qwerty123</arg>
<doc>Types the given ``text`` into the text field identified by ``locator``.</doc>
<msg timestamp="20220322 02:13:09.728" level="INFO">Typing text 'qwerty123' into text field 'id=input-password'.</msg>
<status status="PASS" starttime="20220322 02:13:09.728" endtime="20220322 02:13:09.896"/>
</kw>
<kw name="Click Element" library="SeleniumLibrary">
<arg>xpath=//button[@class='btn btn-primary btn-lg hidden-xs']</arg>
<doc>Click the element identified by ``locator``.</doc>
<msg timestamp="20220322 02:13:09.898" level="INFO">Clicking element 'xpath=//button[@class='btn btn-primary btn-lg hidden-xs']'.</msg>
<status status="PASS" starttime="20220322 02:13:09.897" endtime="20220322 02:13:13.740"/>
</kw>
<kw name="Click Element" library="SeleniumLibrary">
<arg>xpath=//a[contains(text(),'Resources')]</arg>
<doc>Click the element identified by ``locator``.</doc>
<msg timestamp="20220322 02:13:13.742" level="INFO">Clicking element 'xpath=//a[contains(text(),'Resources')]'.</msg>
<status status="PASS" starttime="20220322 02:13:13.741" endtime="20220322 02:13:13.818"/>
</kw>
<kw name="Sleep" library="BuiltIn">
<arg>5s</arg>
<doc>Pauses the test executed for the given time.</doc>
<msg timestamp="20220322 02:13:18.833" level="INFO">Slept 5 seconds</msg>
<status status="PASS" starttime="20220322 02:13:13.819" endtime="20220322 02:13:18.833"/>
</kw>
<kw name="Click Element" library="SeleniumLibrary">
<arg>link=OpenCart Partners</arg>
<doc>Click the element identified by ``locator``.</doc>
<msg timestamp="20220322 02:13:18.833" level="INFO">Clicking element 'link=OpenCart Partners'.</msg>
<status status="PASS" starttime="20220322 02:13:18.833" endtime="20220322 02:13:21.714"/>
</kw>
<kw name="Close Browser" library="SeleniumLibrary" type="TEARDOWN">
<doc>Closes the current browser.</doc>
<status status="PASS" starttime="20220322 02:13:21.716" endtime="20220322 02:13:24.036"/>
</kw>
<status status="PASS" starttime="20220322 02:12:57.204" endtime="20220322 02:13:24.036"/>
</test>
<doc>This suite handles test case related to Opencart Partners.</doc>
<status status="PASS" starttime="20220322 02:12:56.782" endtime="20220322 02:13:24.036"/>
</suite>
<statistics>
<total>
<stat pass="1" fail="0" skip="0">All Tests</stat>
</total>
<tag>
</tag>
<suite>
<stat pass="1" fail="0" skip="0" id="s1" name="Verify Opencart Partners Suite">Verify Opencart Partners Suite</stat>
</suite>
</statistics>
<errors>
</errors>
</robot>
