<?xml version="1.0" encoding="UTF-8"?>
<robot generator="Robot 4.1.3 (Python 3.10.2 on win32)" generated="20220322 10:20:28.850" rpa="false" schemaversion="2">
<suite id="s1" name="Verify Opencart Partners Suite" source="E:\LT_Technology_Services\Robot_Session\Caption_Project\opencart_resources_suite\verify_opencart_partners_suite.robot">
<test id="s1-t1" name="Verify Valid Credential Test">
<kw name="Launch Browser" library="CommonFunctionality" type="SETUP">
<if>
<branch type="IF" condition="'${BROWSER_NAME}'=='edge'">
<kw name="Set Local Variable" library="BuiltIn">
<arg>${driver_name}</arg>
<arg>msedgedriver.exe</arg>
<doc>Makes a variable available everywhere within the local scope.</doc>
<status status="NOT RUN" starttime="20220322 10:20:29.303" endtime="20220322 10:20:29.303"/>
</kw>
<status status="NOT RUN" starttime="20220322 10:20:29.303" endtime="20220322 10:20:29.303"/>
</branch>
<branch type="ELSE IF" condition="'${BROWSER_NAME}'== 'firefox'">
<kw name="Set Local Variable" library="BuiltIn">
<arg>${driver_name}</arg>
<arg>geckodriver.exe</arg>
<doc>Makes a variable available everywhere within the local scope.</doc>
<status status="NOT RUN" starttime="20220322 10:20:29.303" endtime="20220322 10:20:29.303"/>
</kw>
<status status="NOT RUN" starttime="20220322 10:20:29.303" endtime="20220322 10:20:29.303"/>
</branch>
<branch type="ELSE">
<kw name="Set Local Variable" library="BuiltIn">
<arg>${driver_name}</arg>
<arg>chromedriver.exe</arg>
<doc>Makes a variable available everywhere within the local scope.</doc>
<msg timestamp="20220322 10:20:29.303" level="INFO">${driver_name} = chromedriver.exe</msg>
<status status="PASS" starttime="20220322 10:20:29.303" endtime="20220322 10:20:29.303"/>
</kw>
<status status="PASS" starttime="20220322 10:20:29.303" endtime="20220322 10:20:29.303"/>
</branch>
<status status="PASS" starttime="20220322 10:20:29.303" endtime="20220322 10:20:29.303"/>
</if>
<kw name="Open Browser" library="SeleniumLibrary">
<arg>browser=${BROWSER_NAME}</arg>
<arg>executable_path=${EXECDIR}${/}driver${/}${driver_name}</arg>
<doc>Opens a new browser instance to the optional ``url``.</doc>
<msg timestamp="20220322 10:20:29.303" level="INFO">Opening browser 'chrome' to base url 'None'.</msg>
<status status="PASS" starttime="20220322 10:20:29.303" endtime="20220322 10:20:31.344"/>
</kw>
<kw name="Maximize Browser Window" library="SeleniumLibrary">
<doc>Maximizes current browser window.</doc>
<status status="PASS" starttime="20220322 10:20:31.344" endtime="20220322 10:20:31.484"/>
</kw>
<kw name="Set Selenium Implicit Wait" library="SeleniumLibrary">
<arg>20s</arg>
<doc>Sets the implicit wait value used by Selenium.</doc>
<status status="PASS" starttime="20220322 10:20:31.484" endtime="20220322 10:20:31.484"/>
</kw>
<kw name="Set Screenshot Directory" library="SeleniumLibrary">
<arg>${EXECDIR}${/}screenshot</arg>
<doc>Sets the directory for captured screenshots.</doc>
<status status="PASS" starttime="20220322 10:20:31.484" endtime="20220322 10:20:31.484"/>
</kw>
<kw name="Go To" library="SeleniumLibrary">
<arg>url=${URL}</arg>
<doc>Navigates the current browser window to the provided ``url``.</doc>
<msg timestamp="20220322 10:20:31.484" level="INFO">Opening url 'https://www.opencart.com/'</msg>
<status status="PASS" starttime="20220322 10:20:31.484" endtime="20220322 10:20:40.425"/>
</kw>
<status status="PASS" starttime="20220322 10:20:29.287" endtime="20220322 10:20:40.425"/>
</kw>
<kw name="Click Element" library="SeleniumLibrary">
<arg>xpath=//a[@class='btn btn-link navbar-btn']</arg>
<doc>Click the element identified by ``locator``.</doc>
<msg timestamp="20220322 10:20:40.428" level="INFO">Clicking element 'xpath=//a[@class='btn btn-link navbar-btn']'.</msg>
<status status="PASS" starttime="20220322 10:20:40.427" endtime="20220322 10:20:42.211"/>
</kw>
<kw name="Input Text" library="SeleniumLibrary">
<arg>id=input-email</arg>
<arg>alubasu</arg>
<doc>Types the given ``text`` into the text field identified by ``locator``.</doc>
<msg timestamp="20220322 10:20:42.214" level="INFO">Typing text 'alubasu' into text field 'id=input-email'.</msg>
<status status="PASS" starttime="20220322 10:20:42.212" endtime="20220322 10:20:42.377"/>
</kw>
<kw name="Input Text" library="SeleniumLibrary">
<arg>id=input-password</arg>
<arg>qwerty123</arg>
<doc>Types the given ``text`` into the text field identified by ``locator``.</doc>
<msg timestamp="20220322 10:20:42.379" level="INFO">Typing text 'qwerty123' into text field 'id=input-password'.</msg>
<status status="PASS" starttime="20220322 10:20:42.378" endtime="20220322 10:20:42.572"/>
</kw>
<kw name="Click Element" library="SeleniumLibrary">
<arg>xpath=//button[@class='btn btn-primary btn-lg hidden-xs']</arg>
<doc>Click the element identified by ``locator``.</doc>
<msg timestamp="20220322 10:20:42.574" level="INFO">Clicking element 'xpath=//button[@class='btn btn-primary btn-lg hidden-xs']'.</msg>
<status status="PASS" starttime="20220322 10:20:42.573" endtime="20220322 10:20:44.975"/>
</kw>
<kw name="Click Element" library="SeleniumLibrary">
<arg>xpath=//a[contains(text(),'Resources')]</arg>
<doc>Click the element identified by ``locator``.</doc>
<msg timestamp="20220322 10:20:44.976" level="INFO">Clicking element 'xpath=//a[contains(text(),'Resources')]'.</msg>
<status status="PASS" starttime="20220322 10:20:44.976" endtime="20220322 10:20:45.058"/>
</kw>
<kw name="Mouse Over" library="SeleniumLibrary">
<arg>xpath=//a[text()='OpenCart Partners']</arg>
<doc>Simulates hovering the mouse over the element ``locator``.</doc>
<msg timestamp="20220322 10:20:45.060" level="INFO">Simulating Mouse Over on element 'xpath=//a[text()='OpenCart Partners']'.</msg>
<status status="PASS" starttime="20220322 10:20:45.059" endtime="20220322 10:20:45.368"/>
</kw>
<kw name="Click Element" library="SeleniumLibrary">
<arg>link=OpenCart Partners</arg>
<doc>Click the element identified by ``locator``.</doc>
<msg timestamp="20220322 10:20:45.369" level="INFO">Clicking element 'link=OpenCart Partners'.</msg>
<status status="PASS" starttime="20220322 10:20:45.369" endtime="20220322 10:20:48.365"/>
</kw>
<kw name="Click Element" library="SeleniumLibrary">
<arg>xpath=//select[@class='form-control']</arg>
<doc>Click the element identified by ``locator``.</doc>
<msg timestamp="20220322 10:20:48.367" level="INFO">Clicking element 'xpath=//select[@class='form-control']'.</msg>
<status status="PASS" starttime="20220322 10:20:48.366" endtime="20220322 10:20:48.462"/>
</kw>
<kw name="Select From List By Label" library="SeleniumLibrary">
<arg>xpath=//select[@class='form-control']</arg>
<arg>United Kingdom (9)</arg>
<doc>Selects options from selection list ``locator`` by ``labels``.</doc>
<msg timestamp="20220322 10:20:48.465" level="INFO">Selecting options from selection list 'xpath=//select[@class='form-control']' by label United Kingdom (9).</msg>
<status status="PASS" starttime="20220322 10:20:48.464" endtime="20220322 10:20:50.673"/>
</kw>
<kw name="Click Element" library="SeleniumLibrary">
<arg>xpath=//label[normalize-space()='Development Partner']</arg>
<doc>Click the element identified by ``locator``.</doc>
<msg timestamp="20220322 10:20:50.675" level="INFO">Clicking element 'xpath=//label[normalize-space()='Development Partner']'.</msg>
<status status="PASS" starttime="20220322 10:20:50.674" endtime="20220322 10:20:52.056"/>
</kw>
<kw name="Click Element" library="SeleniumLibrary">
<arg>xpath=//input[@value='1']</arg>
<doc>Click the element identified by ``locator``.</doc>
<msg timestamp="20220322 10:20:52.058" level="INFO">Clicking element 'xpath=//input[@value='1']'.</msg>
<status status="PASS" starttime="20220322 10:20:52.057" endtime="20220322 10:20:53.482"/>
</kw>
<kw name="Click Element" library="SeleniumLibrary">
<arg>xpath=//a[contains(text(),'View Partner')][1]</arg>
<doc>Click the element identified by ``locator``.</doc>
<msg timestamp="20220322 10:20:53.484" level="INFO">Clicking element 'xpath=//a[contains(text(),'View Partner')][1]'.</msg>
<status status="PASS" starttime="20220322 10:20:53.484" endtime="20220322 10:20:54.808"/>
</kw>
<kw name="Capture Page Screenshot" library="SeleniumLibrary">
<doc>Takes a screenshot of the current page and embeds it into a log file.</doc>
<msg timestamp="20220322 10:20:55.034" level="INFO" html="true">&lt;/td&gt;&lt;/tr&gt;&lt;tr&gt;&lt;td colspan="3"&gt;&lt;a href="screenshot/selenium-screenshot-3.png"&gt;&lt;img src="screenshot/selenium-screenshot-3.png" width="800px"&gt;&lt;/a&gt;</msg>
<status status="PASS" starttime="20220322 10:20:54.808" endtime="20220322 10:20:55.035"/>
</kw>
<kw name="Close Browser" library="SeleniumLibrary" type="TEARDOWN">
<doc>Closes the current browser.</doc>
<status status="PASS" starttime="20220322 10:20:55.036" endtime="20220322 10:20:57.415"/>
</kw>
<status status="PASS" starttime="20220322 10:20:29.287" endtime="20220322 10:20:57.415"/>
</test>
<doc>This suite handles test case related to Opencart Partners.</doc>
<status status="PASS" starttime="20220322 10:20:28.850" endtime="20220322 10:20:57.415"/>
</suite>
<statistics>
<total>
<stat pass="1" fail="0" skip="0">All Tests</stat>
</total>
<tag>
</tag>
<suite>
<stat pass="1" fail="0" skip="0" id="s1" name="Verify Opencart Partners Suite">Verify Opencart Partners Suite</stat>
</suite>
</statistics>
<errors>
</errors>
</robot>
