<?xml version="1.0" encoding="UTF-8"?>
<robot generator="Robot 4.1.3 (Python 3.10.2 on win32)" generated="20220322 01:31:05.546" rpa="false" schemaversion="2">
<suite id="s1" name="Verify Invalidcredential Suite" source="E:\LT_Technology_Services\Robot_Session\Caption_Project\login_suite\verify_invalidcredential_suite.robot">
<test id="s1-t1" name="Verify Invalid Credential Test">
<kw name="Launch Browser" library="CommonFunctionality" type="SETUP">
<if>
<branch type="IF" condition="'${BROWSER_NAME}'=='edge'">
<kw name="Set Local Variable" library="BuiltIn">
<arg>${driver_name}</arg>
<arg>msedgedriver.exe</arg>
<doc>Makes a variable available everywhere within the local scope.</doc>
<status status="NOT RUN" starttime="20220322 01:31:05.968" endtime="20220322 01:31:05.968"/>
</kw>
<status status="NOT RUN" starttime="20220322 01:31:05.968" endtime="20220322 01:31:05.968"/>
</branch>
<branch type="ELSE IF" condition="'${BROWSER_NAME}'== 'firefox'">
<kw name="Set Local Variable" library="BuiltIn">
<arg>${driver_name}</arg>
<arg>geckodriver.exe</arg>
<doc>Makes a variable available everywhere within the local scope.</doc>
<status status="NOT RUN" starttime="20220322 01:31:05.968" endtime="20220322 01:31:05.968"/>
</kw>
<status status="NOT RUN" starttime="20220322 01:31:05.968" endtime="20220322 01:31:05.968"/>
</branch>
<branch type="ELSE">
<kw name="Set Local Variable" library="BuiltIn">
<arg>${driver_name}</arg>
<arg>chromedriver.exe</arg>
<doc>Makes a variable available everywhere within the local scope.</doc>
<msg timestamp="20220322 01:31:05.968" level="INFO">${driver_name} = chromedriver.exe</msg>
<status status="PASS" starttime="20220322 01:31:05.968" endtime="20220322 01:31:05.968"/>
</kw>
<status status="PASS" starttime="20220322 01:31:05.968" endtime="20220322 01:31:05.968"/>
</branch>
<status status="PASS" starttime="20220322 01:31:05.968" endtime="20220322 01:31:05.968"/>
</if>
<kw name="Open Browser" library="SeleniumLibrary">
<arg>browser=${BROWSER_NAME}</arg>
<arg>executable_path=${EXECDIR}${/}driver${/}${driver_name}</arg>
<doc>Opens a new browser instance to the optional ``url``.</doc>
<msg timestamp="20220322 01:31:05.968" level="INFO">Opening browser 'chrome' to base url 'None'.</msg>
<status status="PASS" starttime="20220322 01:31:05.968" endtime="20220322 01:31:07.886"/>
</kw>
<kw name="Maximize Browser Window" library="SeleniumLibrary">
<doc>Maximizes current browser window.</doc>
<status status="PASS" starttime="20220322 01:31:07.886" endtime="20220322 01:31:08.056"/>
</kw>
<kw name="Set Selenium Implicit Wait" library="SeleniumLibrary">
<arg>30s</arg>
<doc>Sets the implicit wait value used by Selenium.</doc>
<status status="PASS" starttime="20220322 01:31:08.056" endtime="20220322 01:31:08.056"/>
</kw>
<kw name="Set Screenshot Directory" library="SeleniumLibrary">
<arg>${EXECDIR}${/}screenshot</arg>
<doc>Sets the directory for captured screenshots.</doc>
<status status="PASS" starttime="20220322 01:31:08.056" endtime="20220322 01:31:08.056"/>
</kw>
<kw name="Go To" library="SeleniumLibrary">
<arg>url=${URL}</arg>
<doc>Navigates the current browser window to the provided ``url``.</doc>
<msg timestamp="20220322 01:31:08.056" level="INFO">Opening url 'https://www.opencart.com/'</msg>
<status status="PASS" starttime="20220322 01:31:08.056" endtime="20220322 01:31:16.719"/>
</kw>
<status status="PASS" starttime="20220322 01:31:05.968" endtime="20220322 01:31:16.719"/>
</kw>
<kw name="Click Element" library="SeleniumLibrary">
<arg>xpath=//a[@class='btn btn-link navbar-btn']</arg>
<doc>Click the element identified by ``locator``.</doc>
<msg timestamp="20220322 01:31:16.721" level="INFO">Clicking element 'xpath=//a[@class='btn btn-link navbar-btn']'.</msg>
<status status="PASS" starttime="20220322 01:31:16.720" endtime="20220322 01:31:18.436"/>
</kw>
<kw name="Click Element" library="SeleniumLibrary">
<arg>xpath=//a[@class='btn btn-link navbar-btn']</arg>
<doc>Click the element identified by ``locator``.</doc>
<msg timestamp="20220322 01:31:18.441" level="INFO">Clicking element 'xpath=//a[@class='btn btn-link navbar-btn']'.</msg>
<status status="PASS" starttime="20220322 01:31:18.439" endtime="20220322 01:31:19.722"/>
</kw>
<kw name="Input Text" library="SeleniumLibrary">
<arg>id=input-email</arg>
<arg>abcb@gmail.com</arg>
<doc>Types the given ``text`` into the text field identified by ``locator``.</doc>
<msg timestamp="20220322 01:31:19.723" level="INFO">Typing text 'abcb@gmail.com' into text field 'id=input-email'.</msg>
<status status="PASS" starttime="20220322 01:31:19.723" endtime="20220322 01:31:19.889"/>
</kw>
<kw name="Input Text" library="SeleniumLibrary">
<arg>id=input-password</arg>
<arg>abcb123</arg>
<doc>Types the given ``text`` into the text field identified by ``locator``.</doc>
<msg timestamp="20220322 01:31:19.889" level="INFO">Typing text 'abcb123' into text field 'id=input-password'.</msg>
<status status="PASS" starttime="20220322 01:31:19.889" endtime="20220322 01:31:20.072"/>
</kw>
<kw name="Click Element" library="SeleniumLibrary">
<arg>xpath=//button[@class='btn btn-primary btn-lg hidden-xs']</arg>
<doc>Click the element identified by ``locator``.</doc>
<msg timestamp="20220322 01:31:20.073" level="INFO">Clicking element 'xpath=//button[@class='btn btn-primary btn-lg hidden-xs']'.</msg>
<status status="PASS" starttime="20220322 01:31:20.073" endtime="20220322 01:31:23.689"/>
</kw>
<kw name="Element Should Contain" library="SeleniumLibrary">
<arg>xpath=//div[@class='alert alert-danger']</arg>
<arg>No match for E-Mail and/or Password.</arg>
<doc>Verifies that element ``locator`` contains text ``expected``.</doc>
<msg timestamp="20220322 01:31:23.756" level="INFO">Element 'xpath=//div[@class='alert alert-danger']' contains text 'No match for E-Mail and/or Password.'.</msg>
<status status="PASS" starttime="20220322 01:31:23.689" endtime="20220322 01:31:23.757"/>
</kw>
<kw name="Close Browser" library="SeleniumLibrary" type="TEARDOWN">
<doc>Closes the current browser.</doc>
<status status="PASS" starttime="20220322 01:31:23.758" endtime="20220322 01:31:26.029"/>
</kw>
<status status="PASS" starttime="20220322 01:31:05.968" endtime="20220322 01:31:26.029"/>
</test>
<doc>This suite willl handles all the test cases related to invalid credentials test.Test case for opencart.</doc>
<status status="PASS" starttime="20220322 01:31:05.546" endtime="20220322 01:31:26.029"/>
</suite>
<statistics>
<total>
<stat pass="1" fail="0" skip="0">All Tests</stat>
</total>
<tag>
</tag>
<suite>
<stat pass="1" fail="0" skip="0" id="s1" name="Verify Invalidcredential Suite">Verify Invalidcredential Suite</stat>
</suite>
</statistics>
<errors>
</errors>
</robot>
