<?xml version="1.0" encoding="UTF-8"?>
<robot generator="Robot 4.1.3 (Python 3.10.2 on win32)" generated="20220322 15:39:04.058" rpa="false" schemaversion="2">
<suite id="s1" name="Verify Contact Us Suite" source="E:\LT_Technology_Services\Robot_Session\Caption_Project\opencart_resources_suite\verify_contact_us_suite.robot">
<test id="s1-t1" name="TC2">
<kw name="Launch Browser" library="CommonFunctionality" type="SETUP">
<if>
<branch type="IF" condition="'${BROWSER_NAME}'=='edge'">
<kw name="Set Local Variable" library="BuiltIn">
<arg>${driver_name}</arg>
<arg>msedgedriver.exe</arg>
<doc>Makes a variable available everywhere within the local scope.</doc>
<status status="NOT RUN" starttime="20220322 15:39:04.495" endtime="20220322 15:39:04.495"/>
</kw>
<status status="NOT RUN" starttime="20220322 15:39:04.495" endtime="20220322 15:39:04.495"/>
</branch>
<branch type="ELSE IF" condition="'${BROWSER_NAME}'== 'firefox'">
<kw name="Set Local Variable" library="BuiltIn">
<arg>${driver_name}</arg>
<arg>geckodriver.exe</arg>
<doc>Makes a variable available everywhere within the local scope.</doc>
<status status="NOT RUN" starttime="20220322 15:39:04.495" endtime="20220322 15:39:04.495"/>
</kw>
<status status="NOT RUN" starttime="20220322 15:39:04.495" endtime="20220322 15:39:04.495"/>
</branch>
<branch type="ELSE">
<kw name="Set Local Variable" library="BuiltIn">
<arg>${driver_name}</arg>
<arg>chromedriver.exe</arg>
<doc>Makes a variable available everywhere within the local scope.</doc>
<msg timestamp="20220322 15:39:04.495" level="INFO">${driver_name} = chromedriver.exe</msg>
<status status="PASS" starttime="20220322 15:39:04.495" endtime="20220322 15:39:04.495"/>
</kw>
<status status="PASS" starttime="20220322 15:39:04.495" endtime="20220322 15:39:04.495"/>
</branch>
<status status="PASS" starttime="20220322 15:39:04.495" endtime="20220322 15:39:04.495"/>
</if>
<kw name="Open Browser" library="SeleniumLibrary">
<arg>browser=${BROWSER_NAME}</arg>
<arg>executable_path=${EXECDIR}${/}driver${/}${driver_name}</arg>
<doc>Opens a new browser instance to the optional ``url``.</doc>
<msg timestamp="20220322 15:39:04.495" level="INFO">Opening browser 'chrome' to base url 'None'.</msg>
<status status="PASS" starttime="20220322 15:39:04.495" endtime="20220322 15:39:06.421"/>
</kw>
<kw name="Maximize Browser Window" library="SeleniumLibrary">
<doc>Maximizes current browser window.</doc>
<status status="PASS" starttime="20220322 15:39:06.422" endtime="20220322 15:39:06.558"/>
</kw>
<kw name="Set Selenium Implicit Wait" library="SeleniumLibrary">
<arg>30s</arg>
<doc>Sets the implicit wait value used by Selenium.</doc>
<status status="PASS" starttime="20220322 15:39:06.558" endtime="20220322 15:39:06.558"/>
</kw>
<kw name="Set Screenshot Directory" library="SeleniumLibrary">
<arg>${EXECDIR}${/}screenshot</arg>
<doc>Sets the directory for captured screenshots.</doc>
<status status="PASS" starttime="20220322 15:39:06.558" endtime="20220322 15:39:06.558"/>
</kw>
<kw name="Go To" library="SeleniumLibrary">
<arg>url=${URL}</arg>
<doc>Navigates the current browser window to the provided ``url``.</doc>
<msg timestamp="20220322 15:39:06.558" level="INFO">Opening url 'https://www.opencart.com/'</msg>
<status status="PASS" starttime="20220322 15:39:06.558" endtime="20220322 15:39:16.069"/>
</kw>
<status status="PASS" starttime="20220322 15:39:04.495" endtime="20220322 15:39:16.069"/>
</kw>
<kw name="Verify Contact Us Template">
<arg>anupbasu@gmail.com</arg>
<arg>anupbasu123</arg>
<arg>0258</arg>
<arg>I have a partnership question</arg>
<arg>opencart@zendesk.com</arg>
<arg>Please provide as much information in the form below for our agents to be able to assist you.</arg>
<kw name="Click Element" library="SeleniumLibrary">
<arg>xpath=//a[@class='btn btn-link navbar-btn']</arg>
<doc>Click the element identified by ``locator``.</doc>
<msg timestamp="20220322 15:39:16.071" level="INFO">Clicking element 'xpath=//a[@class='btn btn-link navbar-btn']'.</msg>
<status status="PASS" starttime="20220322 15:39:16.071" endtime="20220322 15:39:17.493"/>
</kw>
<kw name="Input Text" library="SeleniumLibrary">
<arg>id=input-email</arg>
<arg>${email}</arg>
<doc>Types the given ``text`` into the text field identified by ``locator``.</doc>
<msg timestamp="20220322 15:39:17.494" level="INFO">Typing text 'anupbasu@gmail.com' into text field 'id=input-email'.</msg>
<status status="PASS" starttime="20220322 15:39:17.493" endtime="20220322 15:39:17.658"/>
</kw>
<kw name="Input Text" library="SeleniumLibrary">
<arg>id=input-password</arg>
<arg>${password}</arg>
<doc>Types the given ``text`` into the text field identified by ``locator``.</doc>
<msg timestamp="20220322 15:39:17.659" level="INFO">Typing text 'anupbasu123' into text field 'id=input-password'.</msg>
<status status="PASS" starttime="20220322 15:39:17.658" endtime="20220322 15:39:17.853"/>
</kw>
<kw name="Click Element" library="SeleniumLibrary">
<arg>xpath=//button[@class='btn btn-primary btn-lg hidden-xs']</arg>
<doc>Click the element identified by ``locator``.</doc>
<msg timestamp="20220322 15:39:17.854" level="INFO">Clicking element 'xpath=//button[@class='btn btn-primary btn-lg hidden-xs']'.</msg>
<status status="PASS" starttime="20220322 15:39:17.853" endtime="20220322 15:39:23.682"/>
</kw>
<kw name="Input Text" library="SeleniumLibrary">
<arg>id=input-pin</arg>
<arg>${fourdigit_pin}</arg>
<doc>Types the given ``text`` into the text field identified by ``locator``.</doc>
<msg timestamp="20220322 15:39:23.683" level="INFO">Typing text '0258' into text field 'id=input-pin'.</msg>
<status status="PASS" starttime="20220322 15:39:23.682" endtime="20220322 15:39:23.817"/>
</kw>
<kw name="Click Element" library="SeleniumLibrary">
<arg>xpath=//button[@type='submit']</arg>
<doc>Click the element identified by ``locator``.</doc>
<msg timestamp="20220322 15:39:23.818" level="INFO">Clicking element 'xpath=//button[@type='submit']'.</msg>
<status status="PASS" starttime="20220322 15:39:23.817" endtime="20220322 15:39:26.482"/>
</kw>
<kw name="Click Element" library="SeleniumLibrary">
<arg>xpath=//a[contains(text(),'Resources')]</arg>
<doc>Click the element identified by ``locator``.</doc>
<msg timestamp="20220322 15:39:26.483" level="INFO">Clicking element 'xpath=//a[contains(text(),'Resources')]'.</msg>
<status status="PASS" starttime="20220322 15:39:26.483" endtime="20220322 15:39:26.568"/>
</kw>
<kw name="Mouse Over" library="SeleniumLibrary">
<arg>xpath=//a[text()='Contact Us']</arg>
<doc>Simulates hovering the mouse over the element ``locator``.</doc>
<msg timestamp="20220322 15:39:26.571" level="INFO">Simulating Mouse Over on element 'xpath=//a[text()='Contact Us']'.</msg>
<status status="PASS" starttime="20220322 15:39:26.569" endtime="20220322 15:39:26.862"/>
</kw>
<kw name="Sleep" library="BuiltIn">
<arg>5s</arg>
<doc>Pauses the test executed for the given time.</doc>
<msg timestamp="20220322 15:39:31.873" level="INFO">Slept 5 seconds</msg>
<status status="PASS" starttime="20220322 15:39:26.862" endtime="20220322 15:39:31.873"/>
</kw>
<kw name="Click Element" library="SeleniumLibrary">
<arg>link=Contact Us</arg>
<doc>Click the element identified by ``locator``.</doc>
<msg timestamp="20220322 15:39:31.873" level="INFO">Clicking element 'link=Contact Us'.</msg>
<status status="PASS" starttime="20220322 15:39:31.873" endtime="20220322 15:39:34.965"/>
</kw>
<kw name="Click Element" library="SeleniumLibrary">
<arg>xpath=//select[@id='input-reason']</arg>
<doc>Click the element identified by ``locator``.</doc>
<msg timestamp="20220322 15:39:34.967" level="INFO">Clicking element 'xpath=//select[@id='input-reason']'.</msg>
<status status="PASS" starttime="20220322 15:39:34.965" endtime="20220322 15:39:35.106"/>
</kw>
<kw name="Select From List By Label" library="SeleniumLibrary">
<arg>xpath=//select[@id='input-reason']</arg>
<arg>${query_question}</arg>
<doc>Selects options from selection list ``locator`` by ``labels``.</doc>
<msg timestamp="20220322 15:39:35.106" level="INFO">Selecting options from selection list 'xpath=//select[@id='input-reason']' by label I have a partnership question.</msg>
<status status="PASS" starttime="20220322 15:39:35.106" endtime="20220322 15:39:35.350"/>
</kw>
<kw name="Input Text" library="SeleniumLibrary">
<arg>id=input-company</arg>
<arg>ZwgNar</arg>
<doc>Types the given ``text`` into the text field identified by ``locator``.</doc>
<msg timestamp="20220322 15:39:35.350" level="INFO">Typing text 'ZwgNar' into text field 'id=input-company'.</msg>
<status status="PASS" starttime="20220322 15:39:35.350" endtime="20220322 15:39:36.614"/>
</kw>
<kw name="Input Text" library="SeleniumLibrary">
<arg>id=input-website</arg>
<arg>zwgNar.com</arg>
<doc>Types the given ``text`` into the text field identified by ``locator``.</doc>
<msg timestamp="20220322 15:39:36.615" level="INFO">Typing text 'zwgNar.com' into text field 'id=input-website'.</msg>
<status status="PASS" starttime="20220322 15:39:36.614" endtime="20220322 15:39:36.772"/>
</kw>
<kw name="Input Text" library="SeleniumLibrary">
<arg>id=input-telephone</arg>
<arg>7000000011</arg>
<doc>Types the given ``text`` into the text field identified by ``locator``.</doc>
<msg timestamp="20220322 15:39:36.773" level="INFO">Typing text '7000000011' into text field 'id=input-telephone'.</msg>
<status status="PASS" starttime="20220322 15:39:36.772" endtime="20220322 15:39:36.925"/>
</kw>
<kw name="Input Text" library="SeleniumLibrary">
<arg>id=input-enquiry</arg>
<arg>Need full info about partnership</arg>
<doc>Types the given ``text`` into the text field identified by ``locator``.</doc>
<msg timestamp="20220322 15:39:36.926" level="INFO">Typing text 'Need full info about partnership' into text field 'id=input-enquiry'.</msg>
<status status="PASS" starttime="20220322 15:39:36.925" endtime="20220322 15:39:37.121"/>
</kw>
<kw name="Element Text Should Be" library="SeleniumLibrary">
<arg>xpath=//a[text()='opencart@zendesk.com']</arg>
<arg>${validation1}</arg>
<doc>Verifies that element ``locator`` contains exact the text ``expected``.</doc>
<msg timestamp="20220322 15:39:37.122" level="INFO">Verifying element 'xpath=//a[text()='opencart@zendesk.com']' contains exact text 'opencart@zendesk.com'.</msg>
<status status="PASS" starttime="20220322 15:39:37.121" endtime="20220322 15:39:37.178"/>
</kw>
<kw name="Element Should Contain" library="SeleniumLibrary">
<arg>xpath=//div[@class='alert alert-info']</arg>
<arg>${validation2}</arg>
<doc>Verifies that element ``locator`` contains text ``expected``.</doc>
<msg timestamp="20220322 15:39:37.215" level="INFO">Element 'xpath=//div[@class='alert alert-info']' contains text 'Please provide as much information in the form below for our agents to be able to assist you.'.</msg>
<status status="PASS" starttime="20220322 15:39:37.179" endtime="20220322 15:39:37.215"/>
</kw>
<status status="PASS" starttime="20220322 15:39:16.070" endtime="20220322 15:39:37.216"/>
</kw>
<kw name="Close Browser" library="SeleniumLibrary" type="TEARDOWN">
<doc>Closes the current browser.</doc>
<status status="PASS" starttime="20220322 15:39:37.217" endtime="20220322 15:39:39.503"/>
</kw>
<status status="PASS" starttime="20220322 15:39:04.495" endtime="20220322 15:39:39.503"/>
</test>
<doc>This suite handles test case related to Contact Us.</doc>
<status status="PASS" starttime="20220322 15:39:04.058" endtime="20220322 15:39:39.503"/>
</suite>
<statistics>
<total>
<stat pass="1" fail="0" skip="0">All Tests</stat>
</total>
<tag>
</tag>
<suite>
<stat pass="1" fail="0" skip="0" id="s1" name="Verify Contact Us Suite">Verify Contact Us Suite</stat>
</suite>
</statistics>
<errors>
</errors>
</robot>
